mode: atomic
github.com/vertikon/mcp-core-inventory/cmd/mcp-init/internal/processor/processor.go:23.50,33.2 3 0
github.com/vertikon/mcp-core-inventory/cmd/mcp-init/internal/processor/processor.go:36.40,48.2 8 0
github.com/vertikon/mcp-core-inventory/cmd/mcp-init/internal/processor/processor.go:51.52,54.86 2 0
github.com/vertikon/mcp-core-inventory/cmd/mcp-init/internal/processor/processor.go:54.86,55.17 1 0
github.com/vertikon/mcp-core-inventory/cmd/mcp-init/internal/processor/processor.go:55.17,57.4 1 0
github.com/vertikon/mcp-core-inventory/cmd/mcp-init/internal/processor/processor.go:60.3,60.35 1 0
github.com/vertikon/mcp-core-inventory/cmd/mcp-init/internal/processor/processor.go:60.35,61.20 1 0
github.com/vertikon/mcp-core-inventory/cmd/mcp-init/internal/processor/processor.go:61.20,63.5 1 0
github.com/vertikon/mcp-core-inventory/cmd/mcp-init/internal/processor/processor.go:64.4,64.14 1 0
github.com/vertikon/mcp-core-inventory/cmd/mcp-init/internal/processor/processor.go:68.3,68.19 1 0
github.com/vertikon/mcp-core-inventory/cmd/mcp-init/internal/processor/processor.go:68.19,70.4 1 0
github.com/vertikon/mcp-core-inventory/cmd/mcp-init/internal/processor/processor.go:73.3,73.35 1 0
github.com/vertikon/mcp-core-inventory/cmd/mcp-init/internal/processor/processor.go:78.75,80.13 2 0
github.com/vertikon/mcp-core-inventory/cmd/mcp-init/internal/processor/processor.go:80.13,82.3 1 0
github.com/vertikon/mcp-core-inventory/cmd/mcp-init/internal/processor/processor.go:84.2,84.36 1 0
github.com/vertikon/mcp-core-inventory/cmd/mcp-init/internal/processor/processor.go:88.70,92.13 3 0
github.com/vertikon/mcp-core-inventory/cmd/mcp-init/internal/processor/processor.go:92.13,95.14 2 0
github.com/vertikon/mcp-core-inventory/cmd/mcp-init/internal/processor/processor.go:95.14,98.4 2 0
github.com/vertikon/mcp-core-inventory/cmd/mcp-init/internal/processor/processor.go:101.2,101.36 1 0
github.com/vertikon/mcp-core-inventory/cmd/mcp-init/internal/processor/processor.go:105.74,108.2 2 0
github.com/vertikon/mcp-core-inventory/cmd/mcp-init/internal/handlers/directory.go:22.64,26.2 1 0
github.com/vertikon/mcp-core-inventory/cmd/mcp-init/internal/handlers/directory.go:29.73,30.30 1 0
github.com/vertikon/mcp-core-inventory/cmd/mcp-init/internal/handlers/directory.go:30.30,32.3 1 0
github.com/vertikon/mcp-core-inventory/cmd/mcp-init/internal/handlers/directory.go:34.2,34.28 1 0
github.com/vertikon/mcp-core-inventory/cmd/mcp-init/internal/handlers/directory.go:34.28,36.3 1 0
github.com/vertikon/mcp-core-inventory/cmd/mcp-init/internal/handlers/directory.go:38.2,42.53 3 0
github.com/vertikon/mcp-core-inventory/cmd/mcp-init/internal/handlers/directory.go:42.53,44.3 1 0
github.com/vertikon/mcp-core-inventory/cmd/mcp-init/internal/handlers/directory.go:46.2,46.12 1 0
github.com/vertikon/mcp-core-inventory/cmd/mcp-init/internal/handlers/directory.go:50.74,52.2 1 0
github.com/vertikon/mcp-core-inventory/cmd/mcp-init/internal/handlers/directory.go:55.59,59.61 2 0
github.com/vertikon/mcp-core-inventory/cmd/mcp-init/internal/handlers/directory.go:59.61,61.3 1 0
github.com/vertikon/mcp-core-inventory/cmd/mcp-init/internal/handlers/directory.go:64.2,64.45 1 0
github.com/vertikon/mcp-core-inventory/cmd/mcp-init/internal/handlers/directory.go:64.45,65.38 1 0
github.com/vertikon/mcp-core-inventory/cmd/mcp-init/internal/handlers/directory.go:65.38,67.4 1 0
github.com/vertikon/mcp-core-inventory/cmd/mcp-init/internal/handlers/directory.go:70.2,70.11 1 0
github.com/vertikon/mcp-core-inventory/cmd/mcp-init/internal/handlers/directory.go:74.82,84.44 4 0
github.com/vertikon/mcp-core-inventory/cmd/mcp-init/internal/handlers/directory.go:84.44,86.3 1 0
github.com/vertikon/mcp-core-inventory/cmd/mcp-init/internal/handlers/directory.go:89.2,89.52 1 0
github.com/vertikon/mcp-core-inventory/cmd/mcp-init/internal/handlers/directory.go:89.52,91.3 1 0
github.com/vertikon/mcp-core-inventory/cmd/mcp-init/internal/handlers/directory.go:93.2,93.12 1 0
github.com/vertikon/mcp-core-inventory/cmd/mcp-init/internal/handlers/directory.go:97.77,107.44 4 0
github.com/vertikon/mcp-core-inventory/cmd/mcp-init/internal/handlers/directory.go:107.44,109.3 1 0
github.com/vertikon/mcp-core-inventory/cmd/mcp-init/internal/handlers/directory.go:112.2,112.52 1 0
github.com/vertikon/mcp-core-inventory/cmd/mcp-init/internal/handlers/directory.go:112.52,114.3 1 0
github.com/vertikon/mcp-core-inventory/cmd/mcp-init/internal/handlers/directory.go:116.2,116.12 1 0
github.com/vertikon/mcp-core-inventory/cmd/mcp-init/internal/handlers/directory.go:120.63,121.50 1 0
github.com/vertikon/mcp-core-inventory/cmd/mcp-init/internal/handlers/directory.go:121.50,123.3 1 0
github.com/vertikon/mcp-core-inventory/cmd/mcp-init/internal/handlers/directory.go:124.2,124.32 1 0
github.com/vertikon/mcp-core-inventory/cmd/mcp-init/internal/handlers/go_file.go:24.58,32.2 2 0
github.com/vertikon/mcp-core-inventory/cmd/mcp-init/internal/handlers/go_file.go:35.70,36.30 1 0
github.com/vertikon/mcp-core-inventory/cmd/mcp-init/internal/handlers/go_file.go:36.30,38.3 1 0
github.com/vertikon/mcp-core-inventory/cmd/mcp-init/internal/handlers/go_file.go:40.2,40.28 1 0
github.com/vertikon/mcp-core-inventory/cmd/mcp-init/internal/handlers/go_file.go:40.28,42.3 1 0
github.com/vertikon/mcp-core-inventory/cmd/mcp-init/internal/handlers/go_file.go:44.2,48.16 3 0
github.com/vertikon/mcp-core-inventory/cmd/mcp-init/internal/handlers/go_file.go:48.16,50.3 1 0
github.com/vertikon/mcp-core-inventory/cmd/mcp-init/internal/handlers/go_file.go:53.2,54.16 2 0
github.com/vertikon/mcp-core-inventory/cmd/mcp-init/internal/handlers/go_file.go:54.16,56.3 1 0
github.com/vertikon/mcp-core-inventory/cmd/mcp-init/internal/handlers/go_file.go:59.2,62.34 2 0
github.com/vertikon/mcp-core-inventory/cmd/mcp-init/internal/handlers/go_file.go:62.34,63.62 1 0
github.com/vertikon/mcp-core-inventory/cmd/mcp-init/internal/handlers/go_file.go:63.62,65.4 1 0
github.com/vertikon/mcp-core-inventory/cmd/mcp-init/internal/handlers/go_file.go:66.3,66.59 1 0
github.com/vertikon/mcp-core-inventory/cmd/mcp-init/internal/handlers/go_file.go:69.2,69.12 1 0
github.com/vertikon/mcp-core-inventory/cmd/mcp-init/internal/handlers/go_file.go:73.71,75.2 1 0
github.com/vertikon/mcp-core-inventory/cmd/mcp-init/internal/handlers/go_file.go:78.72,84.32 3 0
github.com/vertikon/mcp-core-inventory/cmd/mcp-init/internal/handlers/go_file.go:84.32,87.25 2 0
github.com/vertikon/mcp-core-inventory/cmd/mcp-init/internal/handlers/go_file.go:87.25,89.4 1 0
github.com/vertikon/mcp-core-inventory/cmd/mcp-init/internal/handlers/go_file.go:92.2,92.20 1 0
github.com/vertikon/mcp-core-inventory/cmd/mcp-init/internal/handlers/go_file.go:96.71,101.45 2 0
github.com/vertikon/mcp-core-inventory/cmd/mcp-init/internal/handlers/go_file.go:101.45,102.36 1 0
github.com/vertikon/mcp-core-inventory/cmd/mcp-init/internal/handlers/go_file.go:102.36,104.4 1 0
github.com/vertikon/mcp-core-inventory/cmd/mcp-init/internal/handlers/go_file.go:107.2,107.15 1 0
github.com/vertikon/mcp-core-inventory/cmd/mcp-init/internal/handlers/go_file.go:111.60,113.50 1 0
github.com/vertikon/mcp-core-inventory/cmd/mcp-init/internal/handlers/go_file.go:113.50,115.3 1 0
github.com/vertikon/mcp-core-inventory/cmd/mcp-init/internal/handlers/go_file.go:116.2,116.32 1 0
github.com/vertikon/mcp-core-inventory/cmd/mcp-init/internal/handlers/go_mod.go:22.56,26.2 1 0
github.com/vertikon/mcp-core-inventory/cmd/mcp-init/internal/handlers/go_mod.go:29.69,30.30 1 0
github.com/vertikon/mcp-core-inventory/cmd/mcp-init/internal/handlers/go_mod.go:30.30,32.3 1 0
github.com/vertikon/mcp-core-inventory/cmd/mcp-init/internal/handlers/go_mod.go:34.2,34.28 1 0
github.com/vertikon/mcp-core-inventory/cmd/mcp-init/internal/handlers/go_mod.go:34.28,36.3 1 0
github.com/vertikon/mcp-core-inventory/cmd/mcp-init/internal/handlers/go_mod.go:38.2,42.16 3 0
github.com/vertikon/mcp-core-inventory/cmd/mcp-init/internal/handlers/go_mod.go:42.16,44.3 1 0
github.com/vertikon/mcp-core-inventory/cmd/mcp-init/internal/handlers/go_mod.go:47.2,48.16 2 0
github.com/vertikon/mcp-core-inventory/cmd/mcp-init/internal/handlers/go_mod.go:48.16,50.3 1 0
github.com/vertikon/mcp-core-inventory/cmd/mcp-init/internal/handlers/go_mod.go:53.2,56.34 2 0
github.com/vertikon/mcp-core-inventory/cmd/mcp-init/internal/handlers/go_mod.go:56.34,57.62 1 0
github.com/vertikon/mcp-core-inventory/cmd/mcp-init/internal/handlers/go_mod.go:57.62,59.4 1 0
github.com/vertikon/mcp-core-inventory/cmd/mcp-init/internal/handlers/go_mod.go:60.3,60.58 1 0
github.com/vertikon/mcp-core-inventory/cmd/mcp-init/internal/handlers/go_mod.go:63.2,63.12 1 0
github.com/vertikon/mcp-core-inventory/cmd/mcp-init/internal/handlers/go_mod.go:67.70,69.2 1 0
github.com/vertikon/mcp-core-inventory/cmd/mcp-init/internal/handlers/go_mod.go:72.69,76.29 3 0
github.com/vertikon/mcp-core-inventory/cmd/mcp-init/internal/handlers/go_mod.go:76.29,79.3 2 0
github.com/vertikon/mcp-core-inventory/cmd/mcp-init/internal/handlers/go_mod.go:81.2,81.40 1 0
github.com/vertikon/mcp-core-inventory/cmd/mcp-init/internal/handlers/go_mod.go:85.56,89.43 2 0
github.com/vertikon/mcp-core-inventory/cmd/mcp-init/internal/handlers/go_mod.go:89.43,91.3 1 0
github.com/vertikon/mcp-core-inventory/cmd/mcp-init/internal/handlers/go_mod.go:94.2,94.87 1 0
github.com/vertikon/mcp-core-inventory/cmd/mcp-init/internal/handlers/go_mod.go:94.87,96.3 1 0
github.com/vertikon/mcp-core-inventory/cmd/mcp-init/internal/handlers/go_mod.go:99.2,99.44 1 0
github.com/vertikon/mcp-core-inventory/cmd/mcp-init/internal/handlers/go_mod.go:99.44,101.3 1 0
github.com/vertikon/mcp-core-inventory/cmd/mcp-init/internal/handlers/go_mod.go:103.2,103.13 1 0
github.com/vertikon/mcp-core-inventory/cmd/mcp-init/internal/handlers/go_mod.go:107.62,110.21 2 0
github.com/vertikon/mcp-core-inventory/cmd/mcp-init/internal/handlers/go_mod.go:110.21,112.64 2 0
github.com/vertikon/mcp-core-inventory/cmd/mcp-init/internal/handlers/go_mod.go:112.64,114.4 1 0
github.com/vertikon/mcp-core-inventory/cmd/mcp-init/internal/handlers/go_mod.go:116.2,116.13 1 0
github.com/vertikon/mcp-core-inventory/cmd/mcp-init/internal/handlers/go_mod.go:120.63,123.45 2 0
github.com/vertikon/mcp-core-inventory/cmd/mcp-init/internal/handlers/go_mod.go:123.45,124.36 1 0
github.com/vertikon/mcp-core-inventory/cmd/mcp-init/internal/handlers/go_mod.go:124.36,126.4 1 0
github.com/vertikon/mcp-core-inventory/cmd/mcp-init/internal/handlers/go_mod.go:128.2,128.15 1 0
github.com/vertikon/mcp-core-inventory/cmd/mcp-init/internal/handlers/go_mod.go:132.63,135.45 2 0
github.com/vertikon/mcp-core-inventory/cmd/mcp-init/internal/handlers/go_mod.go:135.45,136.36 1 0
github.com/vertikon/mcp-core-inventory/cmd/mcp-init/internal/handlers/go_mod.go:136.36,138.4 1 0
github.com/vertikon/mcp-core-inventory/cmd/mcp-init/internal/handlers/go_mod.go:140.2,140.15 1 0
github.com/vertikon/mcp-core-inventory/cmd/mcp-init/internal/handlers/go_mod.go:144.59,145.50 1 0
github.com/vertikon/mcp-core-inventory/cmd/mcp-init/internal/handlers/go_mod.go:145.50,147.3 1 0
github.com/vertikon/mcp-core-inventory/cmd/mcp-init/internal/handlers/go_mod.go:148.2,148.32 1 0
github.com/vertikon/mcp-core-inventory/cmd/mcp-init/internal/handlers/handler.go:39.50,41.2 1 0
github.com/vertikon/mcp-core-inventory/cmd/mcp-init/internal/handlers/handler.go:44.57,46.2 1 0
github.com/vertikon/mcp-core-inventory/cmd/mcp-init/internal/handlers/handler.go:49.63,51.2 1 0
github.com/vertikon/mcp-core-inventory/cmd/mcp-init/internal/handlers/handler.go:54.76,56.2 1 0
github.com/vertikon/mcp-core-inventory/cmd/mcp-init/internal/handlers/handler.go:59.46,63.2 1 0
github.com/vertikon/mcp-core-inventory/cmd/mcp-init/internal/handlers/handler.go:66.61,68.2 1 0
github.com/vertikon/mcp-core-inventory/cmd/mcp-init/internal/handlers/handler.go:71.65,73.2 1 0
github.com/vertikon/mcp-core-inventory/cmd/mcp-init/internal/handlers/handler.go:76.55,78.2 1 0
github.com/vertikon/mcp-core-inventory/cmd/mcp-init/internal/handlers/text_file.go:23.62,37.2 2 0
github.com/vertikon/mcp-core-inventory/cmd/mcp-init/internal/handlers/text_file.go:40.72,41.30 1 0
github.com/vertikon/mcp-core-inventory/cmd/mcp-init/internal/handlers/text_file.go:41.30,43.3 1 0
github.com/vertikon/mcp-core-inventory/cmd/mcp-init/internal/handlers/text_file.go:45.2,45.28 1 0
github.com/vertikon/mcp-core-inventory/cmd/mcp-init/internal/handlers/text_file.go:45.28,47.3 1 0
github.com/vertikon/mcp-core-inventory/cmd/mcp-init/internal/handlers/text_file.go:49.2,53.16 3 0
github.com/vertikon/mcp-core-inventory/cmd/mcp-init/internal/handlers/text_file.go:53.16,55.3 1 0
github.com/vertikon/mcp-core-inventory/cmd/mcp-init/internal/handlers/text_file.go:58.2,62.15 3 0
github.com/vertikon/mcp-core-inventory/cmd/mcp-init/internal/handlers/text_file.go:62.15,64.3 1 0
github.com/vertikon/mcp-core-inventory/cmd/mcp-init/internal/handlers/text_file.go:65.2,68.34 2 0
github.com/vertikon/mcp-core-inventory/cmd/mcp-init/internal/handlers/text_file.go:68.34,69.62 1 0
github.com/vertikon/mcp-core-inventory/cmd/mcp-init/internal/handlers/text_file.go:69.62,71.4 1 0
github.com/vertikon/mcp-core-inventory/cmd/mcp-init/internal/handlers/text_file.go:72.3,72.61 1 0
github.com/vertikon/mcp-core-inventory/cmd/mcp-init/internal/handlers/text_file.go:75.2,75.12 1 0
github.com/vertikon/mcp-core-inventory/cmd/mcp-init/internal/handlers/text_file.go:79.73,80.18 1 0
github.com/vertikon/mcp-core-inventory/cmd/mcp-init/internal/handlers/text_file.go:80.18,82.3 1 0
github.com/vertikon/mcp-core-inventory/cmd/mcp-init/internal/handlers/text_file.go:84.2,85.15 2 0
github.com/vertikon/mcp-core-inventory/cmd/mcp-init/internal/handlers/text_file.go:85.15,89.3 2 0
github.com/vertikon/mcp-core-inventory/cmd/mcp-init/internal/handlers/text_file.go:91.2,91.29 1 0
github.com/vertikon/mcp-core-inventory/cmd/mcp-init/internal/handlers/text_file.go:95.75,99.45 2 0
github.com/vertikon/mcp-core-inventory/cmd/mcp-init/internal/handlers/text_file.go:99.45,100.36 1 0
github.com/vertikon/mcp-core-inventory/cmd/mcp-init/internal/handlers/text_file.go:100.36,102.4 1 0
github.com/vertikon/mcp-core-inventory/cmd/mcp-init/internal/handlers/text_file.go:106.2,107.13 2 0
github.com/vertikon/mcp-core-inventory/cmd/mcp-init/internal/handlers/text_file.go:108.13,109.37 1 0
github.com/vertikon/mcp-core-inventory/cmd/mcp-init/internal/handlers/text_file.go:110.13,111.40 1 0
github.com/vertikon/mcp-core-inventory/cmd/mcp-init/internal/handlers/text_file.go:112.14,113.36 1 0
github.com/vertikon/mcp-core-inventory/cmd/mcp-init/internal/handlers/text_file.go:114.10,116.36 1 0
github.com/vertikon/mcp-core-inventory/cmd/mcp-init/internal/handlers/text_file.go:119.2,119.15 1 0
github.com/vertikon/mcp-core-inventory/cmd/mcp-init/internal/handlers/text_file.go:123.66,130.2 2 0
github.com/vertikon/mcp-core-inventory/cmd/mcp-init/internal/handlers/text_file.go:133.69,139.2 2 0
github.com/vertikon/mcp-core-inventory/cmd/mcp-init/internal/handlers/text_file.go:142.65,149.29 4 0
github.com/vertikon/mcp-core-inventory/cmd/mcp-init/internal/handlers/text_file.go:149.29,150.34 1 0
github.com/vertikon/mcp-core-inventory/cmd/mcp-init/internal/handlers/text_file.go:150.34,152.23 2 0
github.com/vertikon/mcp-core-inventory/cmd/mcp-init/internal/handlers/text_file.go:152.23,157.54 3 0
github.com/vertikon/mcp-core-inventory/cmd/mcp-init/internal/handlers/text_file.go:157.54,158.41 1 0
github.com/vertikon/mcp-core-inventory/cmd/mcp-init/internal/handlers/text_file.go:158.41,160.7 1 0
github.com/vertikon/mcp-core-inventory/cmd/mcp-init/internal/handlers/text_file.go:163.5,163.49 1 0
github.com/vertikon/mcp-core-inventory/cmd/mcp-init/internal/handlers/text_file.go:164.10,166.5 1 0
github.com/vertikon/mcp-core-inventory/cmd/mcp-init/internal/handlers/text_file.go:167.9,169.4 1 0
github.com/vertikon/mcp-core-inventory/cmd/mcp-init/internal/handlers/text_file.go:172.2,172.38 1 0
github.com/vertikon/mcp-core-inventory/cmd/mcp-init/internal/handlers/text_file.go:176.65,179.2 1 0
github.com/vertikon/mcp-core-inventory/cmd/mcp-init/internal/handlers/text_file.go:182.62,183.50 1 0
github.com/vertikon/mcp-core-inventory/cmd/mcp-init/internal/handlers/text_file.go:183.50,185.3 1 0
github.com/vertikon/mcp-core-inventory/cmd/mcp-init/internal/handlers/text_file.go:186.2,186.32 1 0
github.com/vertikon/mcp-core-inventory/cmd/mcp-init/internal/handlers/yaml_file.go:23.62,27.2 1 0
github.com/vertikon/mcp-core-inventory/cmd/mcp-init/internal/handlers/yaml_file.go:30.72,31.30 1 0
github.com/vertikon/mcp-core-inventory/cmd/mcp-init/internal/handlers/yaml_file.go:31.30,33.3 1 0
github.com/vertikon/mcp-core-inventory/cmd/mcp-init/internal/handlers/yaml_file.go:35.2,35.28 1 0
github.com/vertikon/mcp-core-inventory/cmd/mcp-init/internal/handlers/yaml_file.go:35.28,37.3 1 0
github.com/vertikon/mcp-core-inventory/cmd/mcp-init/internal/handlers/yaml_file.go:39.2,43.16 3 0
github.com/vertikon/mcp-core-inventory/cmd/mcp-init/internal/handlers/yaml_file.go:43.16,45.3 1 0
github.com/vertikon/mcp-core-inventory/cmd/mcp-init/internal/handlers/yaml_file.go:48.2,49.55 2 0
github.com/vertikon/mcp-core-inventory/cmd/mcp-init/internal/handlers/yaml_file.go:49.55,53.3 2 0
github.com/vertikon/mcp-core-inventory/cmd/mcp-init/internal/handlers/yaml_file.go:56.2,57.16 2 0
github.com/vertikon/mcp-core-inventory/cmd/mcp-init/internal/handlers/yaml_file.go:57.16,59.3 1 0
github.com/vertikon/mcp-core-inventory/cmd/mcp-init/internal/handlers/yaml_file.go:62.2,63.16 2 0
github.com/vertikon/mcp-core-inventory/cmd/mcp-init/internal/handlers/yaml_file.go:63.16,65.3 1 0
github.com/vertikon/mcp-core-inventory/cmd/mcp-init/internal/handlers/yaml_file.go:68.2,71.41 2 0
github.com/vertikon/mcp-core-inventory/cmd/mcp-init/internal/handlers/yaml_file.go:71.41,72.69 1 0
github.com/vertikon/mcp-core-inventory/cmd/mcp-init/internal/handlers/yaml_file.go:72.69,74.4 1 0
github.com/vertikon/mcp-core-inventory/cmd/mcp-init/internal/handlers/yaml_file.go:75.3,75.61 1 0
github.com/vertikon/mcp-core-inventory/cmd/mcp-init/internal/handlers/yaml_file.go:78.2,78.12 1 0
github.com/vertikon/mcp-core-inventory/cmd/mcp-init/internal/handlers/yaml_file.go:82.73,85.2 2 0
github.com/vertikon/mcp-core-inventory/cmd/mcp-init/internal/handlers/yaml_file.go:88.78,89.26 1 0
github.com/vertikon/mcp-core-inventory/cmd/mcp-init/internal/handlers/yaml_file.go:90.35,91.30 1 0
github.com/vertikon/mcp-core-inventory/cmd/mcp-init/internal/handlers/yaml_file.go:92.21,93.32 1 0
github.com/vertikon/mcp-core-inventory/cmd/mcp-init/internal/handlers/yaml_file.go:94.14,95.33 1 0
github.com/vertikon/mcp-core-inventory/cmd/mcp-init/internal/handlers/yaml_file.go:96.10,97.16 1 0
github.com/vertikon/mcp-core-inventory/cmd/mcp-init/internal/handlers/yaml_file.go:102.97,104.22 2 0
github.com/vertikon/mcp-core-inventory/cmd/mcp-init/internal/handlers/yaml_file.go:104.22,108.3 3 0
github.com/vertikon/mcp-core-inventory/cmd/mcp-init/internal/handlers/yaml_file.go:109.2,109.15 1 0
github.com/vertikon/mcp-core-inventory/cmd/mcp-init/internal/handlers/yaml_file.go:113.71,115.22 2 0
github.com/vertikon/mcp-core-inventory/cmd/mcp-init/internal/handlers/yaml_file.go:115.22,117.3 1 0
github.com/vertikon/mcp-core-inventory/cmd/mcp-init/internal/handlers/yaml_file.go:118.2,118.15 1 0
github.com/vertikon/mcp-core-inventory/cmd/mcp-init/internal/handlers/yaml_file.go:122.65,123.31 1 0
github.com/vertikon/mcp-core-inventory/cmd/mcp-init/internal/handlers/yaml_file.go:123.31,125.3 1 0
github.com/vertikon/mcp-core-inventory/cmd/mcp-init/internal/handlers/yaml_file.go:126.2,126.10 1 0
github.com/vertikon/mcp-core-inventory/cmd/mcp-init/internal/handlers/yaml_file.go:130.67,131.25 1 0
github.com/vertikon/mcp-core-inventory/cmd/mcp-init/internal/handlers/yaml_file.go:132.14,133.30 1 0
github.com/vertikon/mcp-core-inventory/cmd/mcp-init/internal/handlers/yaml_file.go:134.35,135.27 1 0
github.com/vertikon/mcp-core-inventory/cmd/mcp-init/internal/handlers/yaml_file.go:136.21,137.29 1 0
github.com/vertikon/mcp-core-inventory/cmd/mcp-init/internal/handlers/yaml_file.go:138.10,139.13 1 0
github.com/vertikon/mcp-core-inventory/cmd/mcp-init/internal/handlers/yaml_file.go:144.58,147.45 2 0
github.com/vertikon/mcp-core-inventory/cmd/mcp-init/internal/handlers/yaml_file.go:147.45,148.36 1 0
github.com/vertikon/mcp-core-inventory/cmd/mcp-init/internal/handlers/yaml_file.go:148.36,150.4 1 0
github.com/vertikon/mcp-core-inventory/cmd/mcp-init/internal/handlers/yaml_file.go:152.2,152.15 1 0
github.com/vertikon/mcp-core-inventory/cmd/mcp-init/internal/handlers/yaml_file.go:156.76,159.26 2 0
github.com/vertikon/mcp-core-inventory/cmd/mcp-init/internal/handlers/yaml_file.go:159.26,160.62 1 0
github.com/vertikon/mcp-core-inventory/cmd/mcp-init/internal/handlers/yaml_file.go:160.62,162.4 1 0
github.com/vertikon/mcp-core-inventory/cmd/mcp-init/internal/handlers/yaml_file.go:163.3,163.71 1 0
github.com/vertikon/mcp-core-inventory/cmd/mcp-init/internal/handlers/yaml_file.go:165.2,165.12 1 0
github.com/vertikon/mcp-core-inventory/cmd/mcp-init/internal/handlers/yaml_file.go:169.62,170.50 1 0
github.com/vertikon/mcp-core-inventory/cmd/mcp-init/internal/handlers/yaml_file.go:170.50,172.3 1 0
github.com/vertikon/mcp-core-inventory/cmd/mcp-init/internal/handlers/yaml_file.go:173.2,173.32 1 0
github.com/vertikon/mcp-core-inventory/cmd/mcp-init/internal/config/config.go:39.53,40.22 1 0
github.com/vertikon/mcp-core-inventory/cmd/mcp-init/internal/config/config.go:40.22,47.3 1 0
github.com/vertikon/mcp-core-inventory/cmd/mcp-init/internal/config/config.go:49.2,50.16 2 0
github.com/vertikon/mcp-core-inventory/cmd/mcp-init/internal/config/config.go:50.16,52.3 1 0
github.com/vertikon/mcp-core-inventory/cmd/mcp-init/internal/config/config.go:54.2,55.54 2 0
github.com/vertikon/mcp-core-inventory/cmd/mcp-init/internal/config/config.go:55.54,57.3 1 0
github.com/vertikon/mcp-core-inventory/cmd/mcp-init/internal/config/config.go:60.2,60.28 1 0
github.com/vertikon/mcp-core-inventory/cmd/mcp-init/internal/config/config.go:60.28,62.3 1 0
github.com/vertikon/mcp-core-inventory/cmd/mcp-init/internal/config/config.go:63.2,63.30 1 0
github.com/vertikon/mcp-core-inventory/cmd/mcp-init/internal/config/config.go:63.30,65.3 1 0
github.com/vertikon/mcp-core-inventory/cmd/mcp-init/internal/config/config.go:67.2,67.21 1 0
github.com/vertikon/mcp-core-inventory/cmd/mcp-init/internal/config/config.go:71.58,73.16 2 0
github.com/vertikon/mcp-core-inventory/cmd/mcp-init/internal/config/config.go:73.16,75.3 1 0
github.com/vertikon/mcp-core-inventory/cmd/mcp-init/internal/config/config.go:77.2,78.47 2 0
github.com/vertikon/mcp-core-inventory/cmd/mcp-init/internal/config/config.go:78.47,80.3 1 0
github.com/vertikon/mcp-core-inventory/cmd/mcp-init/internal/config/config.go:82.2,82.61 1 0
github.com/vertikon/mcp-core-inventory/cmd/mcp-init/internal/config/config.go:82.61,84.3 1 0
github.com/vertikon/mcp-core-inventory/cmd/mcp-init/internal/config/config.go:86.2,86.12 1 0
github.com/vertikon/mcp-core-inventory/cmd/mcp-init/internal/config/config.go:90.50,91.41 1 0
github.com/vertikon/mcp-core-inventory/cmd/mcp-init/internal/config/config.go:91.41,92.39 1 0
github.com/vertikon/mcp-core-inventory/cmd/mcp-init/internal/config/config.go:92.39,94.4 1 0
github.com/vertikon/mcp-core-inventory/cmd/mcp-init/internal/config/config.go:95.3,95.61 1 0
github.com/vertikon/mcp-core-inventory/cmd/mcp-init/internal/config/config.go:95.61,97.4 1 0
github.com/vertikon/mcp-core-inventory/cmd/mcp-init/internal/config/config.go:99.2,99.14 1 0
github.com/vertikon/mcp-core-inventory/cmd/mcp-init/internal/config/config.go:103.56,106.2 2 0
github.com/vertikon/mcp-core-inventory/cmd/mcp-init/internal/config/config.go:109.69,111.31 2 0
github.com/vertikon/mcp-core-inventory/cmd/mcp-init/internal/config/config.go:111.31,114.31 2 0
github.com/vertikon/mcp-core-inventory/cmd/mcp-init/internal/config/config.go:114.31,116.4 1 0
github.com/vertikon/mcp-core-inventory/cmd/mcp-init/internal/config/config.go:116.9,117.38 1 0
github.com/vertikon/mcp-core-inventory/cmd/mcp-init/internal/config/config.go:117.38,118.23 1 0
github.com/vertikon/mcp-core-inventory/cmd/mcp-init/internal/config/config.go:118.23,120.11 2 0
github.com/vertikon/mcp-core-inventory/cmd/mcp-init/internal/config/config.go:125.3,125.14 1 0
github.com/vertikon/mcp-core-inventory/cmd/mcp-init/internal/config/config.go:125.14,128.4 1 0
github.com/vertikon/mcp-core-inventory/cmd/mcp-init/internal/config/config.go:130.2,130.15 1 0
github.com/vertikon/mcp-core-inventory/cmd/mcp-init/internal/config/config.go:134.44,137.2 1 0
github.com/vertikon/mcp-core-inventory/internal/adapters/postgres/ledger_repository.go:18.56,20.2 1 0
github.com/vertikon/mcp-core-inventory/internal/adapters/postgres/ledger_repository.go:23.121,38.16 6 0
github.com/vertikon/mcp-core-inventory/internal/adapters/postgres/ledger_repository.go:38.16,39.36 1 0
github.com/vertikon/mcp-core-inventory/internal/adapters/postgres/ledger_repository.go:39.36,42.4 1 0
github.com/vertikon/mcp-core-inventory/internal/adapters/postgres/ledger_repository.go:43.3,43.18 1 0
github.com/vertikon/mcp-core-inventory/internal/adapters/postgres/ledger_repository.go:47.2,47.108 1 0
github.com/vertikon/mcp-core-inventory/internal/adapters/postgres/ledger_repository.go:51.83,69.2 3 0
github.com/vertikon/mcp-core-inventory/internal/adapters/postgres/ledger_repository.go:72.104,88.2 3 0
github.com/vertikon/mcp-core-inventory/internal/adapters/postgres/ledger_repository.go:91.122,115.16 4 0
github.com/vertikon/mcp-core-inventory/internal/adapters/postgres/ledger_repository.go:115.16,116.36 1 0
github.com/vertikon/mcp-core-inventory/internal/adapters/postgres/ledger_repository.go:116.36,118.4 1 0
github.com/vertikon/mcp-core-inventory/internal/adapters/postgres/ledger_repository.go:119.3,119.18 1 0
github.com/vertikon/mcp-core-inventory/internal/adapters/postgres/ledger_repository.go:122.2,133.8 1 0
github.com/vertikon/mcp-core-inventory/internal/adapters/postgres/ledger_repository.go:137.98,161.16 4 0
github.com/vertikon/mcp-core-inventory/internal/adapters/postgres/ledger_repository.go:161.16,162.36 1 0
github.com/vertikon/mcp-core-inventory/internal/adapters/postgres/ledger_repository.go:162.36,164.4 1 0
github.com/vertikon/mcp-core-inventory/internal/adapters/postgres/ledger_repository.go:165.3,165.18 1 0
github.com/vertikon/mcp-core-inventory/internal/adapters/postgres/ledger_repository.go:168.2,179.8 1 0
github.com/vertikon/mcp-core-inventory/internal/adapters/postgres/ledger_repository.go:183.122,193.16 3 0
github.com/vertikon/mcp-core-inventory/internal/adapters/postgres/ledger_repository.go:193.16,195.3 1 0
github.com/vertikon/mcp-core-inventory/internal/adapters/postgres/ledger_repository.go:196.2,199.18 3 0
github.com/vertikon/mcp-core-inventory/internal/adapters/postgres/ledger_repository.go:199.18,216.17 2 0
github.com/vertikon/mcp-core-inventory/internal/adapters/postgres/ledger_repository.go:216.17,218.4 1 0
github.com/vertikon/mcp-core-inventory/internal/adapters/postgres/ledger_repository.go:220.3,231.5 1 0
github.com/vertikon/mcp-core-inventory/internal/adapters/postgres/ledger_repository.go:234.2,234.35 1 0
github.com/vertikon/mcp-core-inventory/internal/adapters/postgres/ledger_repository.go:234.35,236.3 1 0
github.com/vertikon/mcp-core-inventory/internal/adapters/postgres/ledger_repository.go:238.2,238.26 1 0
github.com/vertikon/mcp-core-inventory/internal/adapters/postgres/ledger_repository.go:242.89,244.2 1 0
github.com/vertikon/mcp-core-inventory/internal/adapters/postgres/ledger_repository.go:248.113,252.16 3 0
github.com/vertikon/mcp-core-inventory/internal/adapters/postgres/ledger_repository.go:252.16,254.3 1 0
github.com/vertikon/mcp-core-inventory/internal/adapters/postgres/ledger_repository.go:256.2,266.16 3 0
github.com/vertikon/mcp-core-inventory/internal/adapters/postgres/ledger_repository.go:266.16,268.3 1 0
github.com/vertikon/mcp-core-inventory/internal/adapters/postgres/ledger_repository.go:270.2,270.20 1 0
github.com/vertikon/mcp-core-inventory/internal/adapters/postgres/ledger_repository.go:273.158,275.2 1 0
github.com/vertikon/mcp-core-inventory/internal/adapters/postgres/ledger_repository.go:277.26,280.2 1 0
github.com/vertikon/mcp-core-inventory/internal/adapters/postgres/ledger_repository.go:282.38,285.19 3 0
github.com/vertikon/mcp-core-inventory/internal/adapters/postgres/ledger_repository.go:285.19,287.3 1 0
github.com/vertikon/mcp-core-inventory/internal/adapters/postgres/ledger_repository.go:288.2,288.18 1 0
github.com/vertikon/mcp-core-inventory/internal/adapters/nats/event_publisher.go:21.86,26.2 1 0
github.com/vertikon/mcp-core-inventory/internal/adapters/nats/event_publisher.go:29.126,40.16 3 0
github.com/vertikon/mcp-core-inventory/internal/adapters/nats/event_publisher.go:40.16,42.3 1 0
github.com/vertikon/mcp-core-inventory/internal/adapters/nats/event_publisher.go:44.2,45.16 2 0
github.com/vertikon/mcp-core-inventory/internal/adapters/nats/event_publisher.go:45.16,47.3 1 0
github.com/vertikon/mcp-core-inventory/internal/adapters/nats/event_publisher.go:49.2,55.12 2 0
github.com/vertikon/mcp-core-inventory/internal/adapters/nats/event_publisher.go:59.110,70.16 3 0
github.com/vertikon/mcp-core-inventory/internal/adapters/nats/event_publisher.go:70.16,72.3 1 0
github.com/vertikon/mcp-core-inventory/internal/adapters/nats/event_publisher.go:74.2,75.16 2 0
github.com/vertikon/mcp-core-inventory/internal/adapters/nats/event_publisher.go:75.16,77.3 1 0
github.com/vertikon/mcp-core-inventory/internal/adapters/nats/event_publisher.go:79.2,84.12 2 0
github.com/vertikon/mcp-core-inventory/internal/adapters/redis/reservation_lock.go:17.64,19.2 1 0
github.com/vertikon/mcp-core-inventory/internal/adapters/redis/reservation_lock.go:23.105,38.16 5 0
github.com/vertikon/mcp-core-inventory/internal/adapters/redis/reservation_lock.go:38.16,40.3 1 0
github.com/vertikon/mcp-core-inventory/internal/adapters/redis/reservation_lock.go:42.2,43.9 2 0
github.com/vertikon/mcp-core-inventory/internal/adapters/redis/reservation_lock.go:43.9,45.3 1 0
github.com/vertikon/mcp-core-inventory/internal/adapters/redis/reservation_lock.go:47.2,47.27 1 0
github.com/vertikon/mcp-core-inventory/internal/adapters/redis/reservation_lock.go:51.78,58.2 3 0
github.com/vertikon/mcp-core-inventory/internal/adapters/redis/reservation_lock.go:61.96,64.2 2 0
github.com/vertikon/mcp-core-inventory/internal/adapters/redis/reservation_lock.go:67.83,70.16 3 0
github.com/vertikon/mcp-core-inventory/internal/adapters/redis/reservation_lock.go:70.16,72.3 1 0
github.com/vertikon/mcp-core-inventory/internal/adapters/redis/reservation_lock.go:73.2,73.24 1 0
github.com/vertikon/mcp-core-inventory/internal/adapters/redis/reservation_lock.go:76.33,78.2 1 0
github.com/vertikon/mcp-core-inventory/internal/adapters/redis/reservation_lock.go:80.33,82.2 1 0
github.com/vertikon/mcp-core-inventory/internal/adapters/redis/stock_cache.go:19.54,21.2 1 0
github.com/vertikon/mcp-core-inventory/internal/adapters/redis/stock_cache.go:24.92,27.16 3 0
github.com/vertikon/mcp-core-inventory/internal/adapters/redis/stock_cache.go:27.16,29.3 1 0
github.com/vertikon/mcp-core-inventory/internal/adapters/redis/stock_cache.go:31.2,32.16 2 0
github.com/vertikon/mcp-core-inventory/internal/adapters/redis/stock_cache.go:32.16,34.3 1 0
github.com/vertikon/mcp-core-inventory/internal/adapters/redis/stock_cache.go:36.2,36.23 1 0
github.com/vertikon/mcp-core-inventory/internal/adapters/redis/stock_cache.go:40.116,43.2 2 0
github.com/vertikon/mcp-core-inventory/internal/adapters/redis/stock_cache.go:46.82,49.2 2 0
github.com/vertikon/mcp-core-inventory/internal/adapters/redis/stock_cache.go:52.85,54.16 2 0
github.com/vertikon/mcp-core-inventory/internal/adapters/redis/stock_cache.go:54.16,56.3 1 0
github.com/vertikon/mcp-core-inventory/internal/adapters/redis/stock_cache.go:58.2,58.19 1 0
github.com/vertikon/mcp-core-inventory/internal/adapters/redis/stock_cache.go:58.19,60.3 1 0
github.com/vertikon/mcp-core-inventory/internal/adapters/redis/stock_cache.go:62.2,62.12 1 0
github.com/vertikon/mcp-core-inventory/internal/adapters/redis/stock_cache.go:66.97,69.16 3 0
github.com/vertikon/mcp-core-inventory/internal/adapters/redis/stock_cache.go:69.16,71.3 1 0
github.com/vertikon/mcp-core-inventory/internal/adapters/redis/stock_cache.go:73.2,74.59 2 0
github.com/vertikon/mcp-core-inventory/internal/adapters/redis/stock_cache.go:74.59,76.3 1 0
github.com/vertikon/mcp-core-inventory/internal/adapters/redis/stock_cache.go:78.2,78.20 1 0
github.com/vertikon/mcp-core-inventory/internal/adapters/redis/stock_cache.go:82.117,85.16 3 0
github.com/vertikon/mcp-core-inventory/internal/adapters/redis/stock_cache.go:85.16,87.3 1 0
github.com/vertikon/mcp-core-inventory/internal/adapters/redis/stock_cache.go:89.2,89.82 1 0
github.com/vertikon/mcp-core-inventory/internal/adapters/redis/stock_cache.go:101.44,103.2 1 0
github.com/vertikon/mcp-core-inventory/internal/adapters/redis/stock_cache.go:105.48,107.2 1 0
github.com/vertikon/mcp-core-inventory/internal/core/crush/stub.go:14.47,16.2 1 0
github.com/vertikon/mcp-core-inventory/internal/core/crush/stub.go:19.53,21.2 1 0
github.com/vertikon/mcp-core-inventory/internal/core/crush/stub.go:30.62,32.2 1 0
github.com/vertikon/mcp-core-inventory/internal/core/crush/stub.go:35.56,35.70 1 0
github.com/vertikon/mcp-core-inventory/internal/core/crush/stub.go:38.55,38.69 1 0
github.com/vertikon/mcp-core-inventory/internal/application/dtos/mcp_dto.go:15.45,16.18 1 0
github.com/vertikon/mcp-core-inventory/internal/application/dtos/mcp_dto.go:16.18,18.3 1 0
github.com/vertikon/mcp-core-inventory/internal/application/dtos/mcp_dto.go:19.2,19.12 1 0
github.com/vertikon/mcp-core-inventory/internal/application/dtos/mcp_dto.go:30.45,32.2 1 0
github.com/vertikon/mcp-core-inventory/internal/application/dtos/mcp_dto.go:42.47,43.24 1 0
github.com/vertikon/mcp-core-inventory/internal/application/dtos/mcp_dto.go:43.24,45.3 1 0
github.com/vertikon/mcp-core-inventory/internal/application/dtos/mcp_dto.go:46.2,46.12 1 0
github.com/vertikon/mcp-core-inventory/internal/application/dtos/template_dto.go:14.50,15.18 1 0
github.com/vertikon/mcp-core-inventory/internal/application/dtos/template_dto.go:15.18,17.3 1 0
github.com/vertikon/mcp-core-inventory/internal/application/dtos/template_dto.go:18.2,18.12 1 0
github.com/vertikon/mcp-core-inventory/internal/application/dtos/template_dto.go:30.50,32.2 1 0
github.com/vertikon/mcp-core-inventory/internal/core/state/stub.go:11.24,13.2 1 0
github.com/vertikon/mcp-core-inventory/internal/core/state/stub.go:16.45,18.2 1 0
github.com/vertikon/mcp-core-inventory/internal/core/transformer/stub.go:18.58,20.2 1 0
github.com/vertikon/mcp-core-inventory/internal/core/transformer/stub.go:23.86,25.2 1 0
github.com/vertikon/mcp-core-inventory/internal/core/scheduler/scheduler.go:22.56,27.2 1 0
github.com/vertikon/mcp-core-inventory/internal/core/scheduler/scheduler.go:30.66,53.33 2 0
github.com/vertikon/mcp-core-inventory/internal/core/scheduler/scheduler.go:53.33,62.17 3 0
github.com/vertikon/mcp-core-inventory/internal/core/scheduler/scheduler.go:62.17,63.54 1 0
github.com/vertikon/mcp-core-inventory/internal/core/scheduler/scheduler.go:63.54,65.13 2 0
github.com/vertikon/mcp-core-inventory/internal/core/scheduler/scheduler.go:67.4,67.14 1 0
github.com/vertikon/mcp-core-inventory/internal/core/scheduler/scheduler.go:70.3,71.67 2 0
github.com/vertikon/mcp-core-inventory/internal/core/scheduler/scheduler.go:74.2,74.12 1 0
github.com/vertikon/mcp-core-inventory/internal/core/scheduler/scheduler.go:78.60,84.16 3 0
github.com/vertikon/mcp-core-inventory/internal/core/scheduler/scheduler.go:84.16,86.3 1 0
github.com/vertikon/mcp-core-inventory/internal/core/scheduler/scheduler.go:88.2,89.16 2 0
github.com/vertikon/mcp-core-inventory/internal/core/scheduler/scheduler.go:89.16,91.3 1 0
github.com/vertikon/mcp-core-inventory/internal/core/scheduler/scheduler.go:93.2,93.12 1 0
github.com/vertikon/mcp-core-inventory/internal/core/scheduler/scheduler.go:97.119,98.72 1 0
github.com/vertikon/mcp-core-inventory/internal/core/scheduler/scheduler.go:98.72,100.57 2 0
github.com/vertikon/mcp-core-inventory/internal/core/scheduler/scheduler.go:100.57,103.4 2 0
github.com/vertikon/mcp-core-inventory/internal/core/scheduler/scheduler.go:105.3,105.40 1 0
github.com/vertikon/mcp-core-inventory/internal/core/scheduler/scheduler.go:105.40,107.4 1 0
github.com/vertikon/mcp-core-inventory/internal/core/scheduler/scheduler.go:109.3,109.12 1 0
github.com/vertikon/mcp-core-inventory/internal/core/scheduler/scheduler.go:112.2,112.17 1 0
github.com/vertikon/mcp-core-inventory/internal/core/events/nats_events.go:20.66,22.2 1 0
github.com/vertikon/mcp-core-inventory/internal/core/events/nats_events.go:25.121,34.2 2 0
github.com/vertikon/mcp-core-inventory/internal/core/events/nats_events.go:37.110,46.2 2 0
github.com/vertikon/mcp-core-inventory/internal/core/events/nats_events.go:49.101,58.2 2 0
github.com/vertikon/mcp-core-inventory/internal/core/events/nats_events.go:61.121,69.2 2 0
github.com/vertikon/mcp-core-inventory/internal/core/events/nats_events.go:72.102,74.16 2 0
github.com/vertikon/mcp-core-inventory/internal/core/events/nats_events.go:74.16,76.3 1 0
github.com/vertikon/mcp-core-inventory/internal/core/events/nats_events.go:78.2,79.16 2 0
github.com/vertikon/mcp-core-inventory/internal/core/events/nats_events.go:79.16,85.3 2 0
github.com/vertikon/mcp-core-inventory/internal/core/events/nats_events.go:87.2,87.12 1 0
github.com/vertikon/mcp-core-inventory/internal/core/metrics/alerting.go:92.65,103.2 2 0
github.com/vertikon/mcp-core-inventory/internal/core/metrics/alerting.go:106.33,111.12 3 0
github.com/vertikon/mcp-core-inventory/internal/core/metrics/alerting.go:111.12,115.7 3 0
github.com/vertikon/mcp-core-inventory/internal/core/metrics/alerting.go:115.7,116.11 1 0
github.com/vertikon/mcp-core-inventory/internal/core/metrics/alerting.go:117.20,118.23 1 0
github.com/vertikon/mcp-core-inventory/internal/core/metrics/alerting.go:119.25,120.11 1 0
github.com/vertikon/mcp-core-inventory/internal/core/metrics/alerting.go:127.32,130.2 2 0
github.com/vertikon/mcp-core-inventory/internal/core/metrics/alerting.go:133.44,188.36 2 0
github.com/vertikon/mcp-core-inventory/internal/core/metrics/alerting.go:188.36,190.3 1 0
github.com/vertikon/mcp-core-inventory/internal/core/metrics/alerting.go:192.2,192.85 1 0
github.com/vertikon/mcp-core-inventory/internal/core/metrics/alerting.go:196.41,200.32 3 0
github.com/vertikon/mcp-core-inventory/internal/core/metrics/alerting.go:200.32,201.20 1 0
github.com/vertikon/mcp-core-inventory/internal/core/metrics/alerting.go:201.20,202.12 1 0
github.com/vertikon/mcp-core-inventory/internal/core/metrics/alerting.go:205.3,208.18 3 0
github.com/vertikon/mcp-core-inventory/internal/core/metrics/alerting.go:208.18,210.4 1 0
github.com/vertikon/mcp-core-inventory/internal/core/metrics/alerting.go:210.9,212.4 1 0
github.com/vertikon/mcp-core-inventory/internal/core/metrics/alerting.go:217.66,221.19 2 0
github.com/vertikon/mcp-core-inventory/internal/core/metrics/alerting.go:222.18,223.31 1 0
github.com/vertikon/mcp-core-inventory/internal/core/metrics/alerting.go:224.21,225.31 1 0
github.com/vertikon/mcp-core-inventory/internal/core/metrics/alerting.go:226.19,227.31 1 0
github.com/vertikon/mcp-core-inventory/internal/core/metrics/alerting.go:228.10,229.15 1 0
github.com/vertikon/mcp-core-inventory/internal/core/metrics/alerting.go:234.59,235.29 1 0
github.com/vertikon/mcp-core-inventory/internal/core/metrics/alerting.go:235.29,240.3 4 0
github.com/vertikon/mcp-core-inventory/internal/core/metrics/alerting.go:242.2,242.52 1 0
github.com/vertikon/mcp-core-inventory/internal/core/metrics/alerting.go:242.52,244.3 1 0
github.com/vertikon/mcp-core-inventory/internal/core/metrics/alerting.go:248.61,249.29 1 0
github.com/vertikon/mcp-core-inventory/internal/core/metrics/alerting.go:249.29,253.3 3 0
github.com/vertikon/mcp-core-inventory/internal/core/metrics/alerting.go:257.62,260.13 2 0
github.com/vertikon/mcp-core-inventory/internal/core/metrics/alerting.go:260.13,283.3 4 0
github.com/vertikon/mcp-core-inventory/internal/core/metrics/alerting.go:283.8,291.3 3 0
github.com/vertikon/mcp-core-inventory/internal/core/metrics/alerting.go:295.53,296.48 1 0
github.com/vertikon/mcp-core-inventory/internal/core/metrics/alerting.go:296.48,307.3 5 0
github.com/vertikon/mcp-core-inventory/internal/core/metrics/alerting.go:311.56,312.38 1 0
github.com/vertikon/mcp-core-inventory/internal/core/metrics/alerting.go:312.38,313.27 1 0
github.com/vertikon/mcp-core-inventory/internal/core/metrics/alerting.go:313.27,314.50 1 0
github.com/vertikon/mcp-core-inventory/internal/core/metrics/alerting.go:314.50,320.5 1 0
github.com/vertikon/mcp-core-inventory/internal/core/metrics/alerting.go:326.58,332.2 4 0
github.com/vertikon/mcp-core-inventory/internal/core/metrics/alerting.go:335.55,340.30 4 0
github.com/vertikon/mcp-core-inventory/internal/core/metrics/alerting.go:340.30,342.3 1 0
github.com/vertikon/mcp-core-inventory/internal/core/metrics/alerting.go:344.2,344.15 1 0
github.com/vertikon/mcp-core-inventory/internal/core/metrics/alerting.go:348.58,353.29 4 0
github.com/vertikon/mcp-core-inventory/internal/core/metrics/alerting.go:353.29,355.3 1 0
github.com/vertikon/mcp-core-inventory/internal/core/metrics/alerting.go:357.2,357.14 1 0
github.com/vertikon/mcp-core-inventory/internal/core/metrics/alerting.go:361.47,372.32 4 0
github.com/vertikon/mcp-core-inventory/internal/core/metrics/alerting.go:372.32,373.19 1 0
github.com/vertikon/mcp-core-inventory/internal/core/metrics/alerting.go:373.19,375.4 1 0
github.com/vertikon/mcp-core-inventory/internal/core/metrics/alerting.go:378.2,378.34 1 0
github.com/vertikon/mcp-core-inventory/internal/core/metrics/alerting.go:378.34,379.35 1 0
github.com/vertikon/mcp-core-inventory/internal/core/metrics/alerting.go:379.35,381.4 1 0
github.com/vertikon/mcp-core-inventory/internal/core/metrics/alerting.go:383.3,385.25 2 0
github.com/vertikon/mcp-core-inventory/internal/core/metrics/alerting.go:386.25,387.26 1 0
github.com/vertikon/mcp-core-inventory/internal/core/metrics/alerting.go:388.24,389.25 1 0
github.com/vertikon/mcp-core-inventory/internal/core/metrics/alerting.go:393.2,393.14 1 0
github.com/vertikon/mcp-core-inventory/internal/core/metrics/alerting.go:400.71,401.34 1 0
github.com/vertikon/mcp-core-inventory/internal/core/metrics/alerting.go:401.34,409.3 1 0
github.com/vertikon/mcp-core-inventory/internal/core/metrics/alerting.go:409.8,415.3 1 0
github.com/vertikon/mcp-core-inventory/internal/core/metrics/alerting.go:417.2,417.12 1 0
github.com/vertikon/mcp-core-inventory/internal/core/metrics/alerting.go:421.37,423.2 1 0
github.com/vertikon/mcp-core-inventory/internal/core/metrics/performance_monitor.go:43.72,52.2 2 0
github.com/vertikon/mcp-core-inventory/internal/core/metrics/performance_monitor.go:55.39,58.12 2 0
github.com/vertikon/mcp-core-inventory/internal/core/metrics/performance_monitor.go:58.12,62.7 3 0
github.com/vertikon/mcp-core-inventory/internal/core/metrics/performance_monitor.go:62.7,63.11 1 0
github.com/vertikon/mcp-core-inventory/internal/core/metrics/performance_monitor.go:64.20,65.24 1 0
github.com/vertikon/mcp-core-inventory/internal/core/metrics/performance_monitor.go:66.25,67.11 1 0
github.com/vertikon/mcp-core-inventory/internal/core/metrics/performance_monitor.go:74.38,77.2 2 0
github.com/vertikon/mcp-core-inventory/internal/core/metrics/performance_monitor.go:80.48,107.2 8 0
github.com/vertikon/mcp-core-inventory/internal/core/metrics/performance_monitor.go:110.63,114.2 3 0
github.com/vertikon/mcp-core-inventory/internal/core/metrics/performance_monitor.go:117.53,121.2 1 0
github.com/vertikon/mcp-core-inventory/internal/core/metrics/performance_monitor.go:124.48,128.29 2 0
github.com/vertikon/mcp-core-inventory/internal/core/metrics/performance_monitor.go:128.29,130.3 1 0
github.com/vertikon/mcp-core-inventory/internal/core/metrics/performance_monitor.go:132.2,132.35 1 0
github.com/vertikon/mcp-core-inventory/internal/core/metrics/performance_monitor.go:132.35,134.3 1 0
github.com/vertikon/mcp-core-inventory/internal/core/metrics/performance_monitor.go:136.2,136.13 1 0
github.com/vertikon/mcp-core-inventory/internal/core/metrics/performance_monitor.go:140.72,151.2 2 0
github.com/vertikon/mcp-core-inventory/internal/core/metrics/resource_tracker.go:55.66,70.2 4 0
github.com/vertikon/mcp-core-inventory/internal/core/metrics/resource_tracker.go:73.48,97.2 3 0
github.com/vertikon/mcp-core-inventory/internal/core/metrics/resource_tracker.go:100.36,103.12 2 0
github.com/vertikon/mcp-core-inventory/internal/core/metrics/resource_tracker.go:103.12,107.7 3 0
github.com/vertikon/mcp-core-inventory/internal/core/metrics/resource_tracker.go:107.7,108.11 1 0
github.com/vertikon/mcp-core-inventory/internal/core/metrics/resource_tracker.go:109.20,110.32 1 0
github.com/vertikon/mcp-core-inventory/internal/core/metrics/resource_tracker.go:111.25,112.11 1 0
github.com/vertikon/mcp-core-inventory/internal/core/metrics/resource_tracker.go:119.35,122.2 2 0
github.com/vertikon/mcp-core-inventory/internal/core/metrics/resource_tracker.go:125.53,146.2 9 0
github.com/vertikon/mcp-core-inventory/internal/core/metrics/resource_tracker.go:149.71,150.46 1 0
github.com/vertikon/mcp-core-inventory/internal/core/metrics/resource_tracker.go:150.46,156.3 1 0
github.com/vertikon/mcp-core-inventory/internal/core/metrics/resource_tracker.go:158.2,163.34 4 0
github.com/vertikon/mcp-core-inventory/internal/core/metrics/resource_tracker.go:163.34,165.3 1 0
github.com/vertikon/mcp-core-inventory/internal/core/metrics/resource_tracker.go:166.2,172.26 3 0
github.com/vertikon/mcp-core-inventory/internal/core/metrics/resource_tracker.go:176.68,177.32 1 0
github.com/vertikon/mcp-core-inventory/internal/core/metrics/resource_tracker.go:177.32,179.3 1 0
github.com/vertikon/mcp-core-inventory/internal/core/metrics/resource_tracker.go:181.2,184.42 3 0
github.com/vertikon/mcp-core-inventory/internal/core/metrics/resource_tracker.go:184.42,186.19 2 0
github.com/vertikon/mcp-core-inventory/internal/core/metrics/resource_tracker.go:186.19,188.4 1 0
github.com/vertikon/mcp-core-inventory/internal/core/metrics/resource_tracker.go:191.2,192.20 2 0
github.com/vertikon/mcp-core-inventory/internal/core/metrics/resource_tracker.go:196.65,198.13 2 0
github.com/vertikon/mcp-core-inventory/internal/core/metrics/resource_tracker.go:198.13,200.3 1 0
github.com/vertikon/mcp-core-inventory/internal/core/metrics/resource_tracker.go:202.2,202.40 1 0
github.com/vertikon/mcp-core-inventory/internal/core/metrics/resource_tracker.go:202.40,203.31 1 0
github.com/vertikon/mcp-core-inventory/internal/core/metrics/resource_tracker.go:203.31,210.4 2 0
github.com/vertikon/mcp-core-inventory/internal/core/metrics/resource_tracker.go:211.8,211.46 1 0
github.com/vertikon/mcp-core-inventory/internal/core/metrics/resource_tracker.go:211.46,217.3 1 0
github.com/vertikon/mcp-core-inventory/internal/core/metrics/resource_tracker.go:217.8,219.3 1 0
github.com/vertikon/mcp-core-inventory/internal/core/metrics/resource_tracker.go:223.50,227.2 1 0
github.com/vertikon/mcp-core-inventory/internal/core/metrics/resource_tracker.go:230.53,233.2 1 0
github.com/vertikon/mcp-core-inventory/internal/core/metrics/resource_tracker.go:236.51,239.2 1 0
github.com/vertikon/mcp-core-inventory/internal/core/metrics/resource_tracker.go:242.53,251.43 4 0
github.com/vertikon/mcp-core-inventory/internal/core/metrics/resource_tracker.go:251.43,254.30 2 0
github.com/vertikon/mcp-core-inventory/internal/core/metrics/resource_tracker.go:254.30,256.4 1 0
github.com/vertikon/mcp-core-inventory/internal/core/metrics/resource_tracker.go:256.9,256.91 1 0
github.com/vertikon/mcp-core-inventory/internal/core/metrics/resource_tracker.go:256.91,258.4 1 0
github.com/vertikon/mcp-core-inventory/internal/core/metrics/resource_tracker.go:258.9,260.4 1 0
github.com/vertikon/mcp-core-inventory/internal/core/metrics/resource_tracker.go:263.2,265.14 2 0
github.com/vertikon/mcp-core-inventory/internal/core/metrics/resource_tracker.go:269.45,272.2 2 0
github.com/vertikon/mcp-core-inventory/internal/core/metrics/resource_tracker.go:275.80,280.13 4 0
github.com/vertikon/mcp-core-inventory/internal/core/metrics/resource_tracker.go:280.13,282.3 1 0
github.com/vertikon/mcp-core-inventory/internal/core/metrics/resource_tracker.go:284.2,284.24 1 0
github.com/vertikon/mcp-core-inventory/internal/core/metrics/resource_tracker.go:288.58,298.2 4 0
github.com/vertikon/mcp-core-inventory/internal/domain/errors.go:14.38,15.18 1 0
github.com/vertikon/mcp-core-inventory/internal/domain/errors.go:15.18,17.3 1 0
github.com/vertikon/mcp-core-inventory/internal/domain/errors.go:18.2,18.50 1 0
github.com/vertikon/mcp-core-inventory/internal/domain/errors.go:22.38,24.2 1 0
github.com/vertikon/mcp-core-inventory/internal/domain/errors.go:27.74,33.2 1 0
github.com/vertikon/mcp-core-inventory/internal/domain/ledger/policies.go:9.26,11.2 1 0
github.com/vertikon/mcp-core-inventory/internal/domain/ledger/policies.go:15.81,16.19 1 0
github.com/vertikon/mcp-core-inventory/internal/domain/ledger/policies.go:16.19,18.3 1 0
github.com/vertikon/mcp-core-inventory/internal/domain/ledger/policies.go:19.2,19.19 1 0
github.com/vertikon/mcp-core-inventory/internal/domain/ledger/policies.go:19.19,21.3 1 0
github.com/vertikon/mcp-core-inventory/internal/domain/ledger/policies.go:22.2,22.34 1 0
github.com/vertikon/mcp-core-inventory/internal/domain/ledger/policies.go:22.34,24.3 1 0
github.com/vertikon/mcp-core-inventory/internal/domain/ledger/policies.go:25.2,25.12 1 0
github.com/vertikon/mcp-core-inventory/internal/domain/ledger/policies.go:30.71,31.24 1 0
github.com/vertikon/mcp-core-inventory/internal/domain/ledger/policies.go:31.24,33.3 1 0
github.com/vertikon/mcp-core-inventory/internal/domain/ledger/policies.go:34.2,34.54 1 0
github.com/vertikon/mcp-core-inventory/internal/domain/ledger/policies.go:34.54,36.3 1 0
github.com/vertikon/mcp-core-inventory/internal/domain/ledger/policies.go:37.2,37.29 1 0
github.com/vertikon/mcp-core-inventory/internal/domain/ledger/policies.go:37.29,39.3 1 0
github.com/vertikon/mcp-core-inventory/internal/domain/ledger/policies.go:40.2,40.12 1 0
github.com/vertikon/mcp-core-inventory/internal/domain/ledger/policies.go:45.80,46.19 1 0
github.com/vertikon/mcp-core-inventory/internal/domain/ledger/policies.go:46.19,48.3 1 0
github.com/vertikon/mcp-core-inventory/internal/domain/ledger/policies.go:49.2,50.18 2 0
github.com/vertikon/mcp-core-inventory/internal/domain/ledger/policies.go:50.18,52.3 1 0
github.com/vertikon/mcp-core-inventory/internal/domain/ledger/policies.go:53.2,53.12 1 0
github.com/vertikon/mcp-core-inventory/internal/domain/ledger/policies.go:57.66,58.24 1 0
github.com/vertikon/mcp-core-inventory/internal/domain/ledger/policies.go:58.24,60.3 1 0
github.com/vertikon/mcp-core-inventory/internal/domain/ledger/policies.go:61.2,61.54 1 0
github.com/vertikon/mcp-core-inventory/internal/domain/ledger/policies.go:61.54,63.3 1 0
github.com/vertikon/mcp-core-inventory/internal/domain/ledger/policies.go:64.2,64.12 1 0
github.com/vertikon/mcp-core-inventory/internal/domain/ledger/reservation.go:40.130,41.14 1 0
github.com/vertikon/mcp-core-inventory/internal/domain/ledger/reservation.go:41.14,43.3 1 0
github.com/vertikon/mcp-core-inventory/internal/domain/ledger/reservation.go:44.2,44.20 1 0
github.com/vertikon/mcp-core-inventory/internal/domain/ledger/reservation.go:44.20,46.3 1 0
github.com/vertikon/mcp-core-inventory/internal/domain/ledger/reservation.go:47.2,47.15 1 0
github.com/vertikon/mcp-core-inventory/internal/domain/ledger/reservation.go:47.15,49.3 1 0
github.com/vertikon/mcp-core-inventory/internal/domain/ledger/reservation.go:50.2,50.20 1 0
github.com/vertikon/mcp-core-inventory/internal/domain/ledger/reservation.go:50.20,52.3 1 0
github.com/vertikon/mcp-core-inventory/internal/domain/ledger/reservation.go:53.2,53.26 1 0
github.com/vertikon/mcp-core-inventory/internal/domain/ledger/reservation.go:53.26,55.3 1 0
github.com/vertikon/mcp-core-inventory/internal/domain/ledger/reservation.go:56.2,56.19 1 0
github.com/vertikon/mcp-core-inventory/internal/domain/ledger/reservation.go:56.19,58.3 1 0
github.com/vertikon/mcp-core-inventory/internal/domain/ledger/reservation.go:59.2,59.14 1 0
github.com/vertikon/mcp-core-inventory/internal/domain/ledger/reservation.go:59.14,61.3 1 0
github.com/vertikon/mcp-core-inventory/internal/domain/ledger/reservation.go:63.2,75.8 2 0
github.com/vertikon/mcp-core-inventory/internal/domain/ledger/reservation.go:79.35,81.2 1 0
github.com/vertikon/mcp-core-inventory/internal/domain/ledger/reservation.go:84.41,86.2 1 0
github.com/vertikon/mcp-core-inventory/internal/domain/ledger/reservation.go:89.36,91.2 1 0
github.com/vertikon/mcp-core-inventory/internal/domain/ledger/reservation.go:94.41,96.2 1 0
github.com/vertikon/mcp-core-inventory/internal/domain/ledger/reservation.go:99.40,101.2 1 0
github.com/vertikon/mcp-core-inventory/internal/domain/ledger/reservation.go:104.47,106.2 1 0
github.com/vertikon/mcp-core-inventory/internal/domain/ledger/reservation.go:109.50,111.2 1 0
github.com/vertikon/mcp-core-inventory/internal/domain/ledger/reservation.go:114.45,116.2 1 0
github.com/vertikon/mcp-core-inventory/internal/domain/ledger/reservation.go:119.45,121.2 1 0
github.com/vertikon/mcp-core-inventory/internal/domain/ledger/reservation.go:124.45,126.2 1 0
github.com/vertikon/mcp-core-inventory/internal/domain/ledger/reservation.go:129.40,131.2 1 0
github.com/vertikon/mcp-core-inventory/internal/domain/ledger/reservation.go:134.39,135.42 1 0
github.com/vertikon/mcp-core-inventory/internal/domain/ledger/reservation.go:135.42,137.3 1 0
github.com/vertikon/mcp-core-inventory/internal/domain/ledger/reservation.go:138.2,138.19 1 0
github.com/vertikon/mcp-core-inventory/internal/domain/ledger/reservation.go:138.19,140.3 1 0
github.com/vertikon/mcp-core-inventory/internal/domain/ledger/reservation.go:142.2,144.12 3 0
github.com/vertikon/mcp-core-inventory/internal/domain/ledger/reservation.go:148.39,149.42 1 0
github.com/vertikon/mcp-core-inventory/internal/domain/ledger/reservation.go:149.42,151.3 1 0
github.com/vertikon/mcp-core-inventory/internal/domain/ledger/reservation.go:153.2,155.12 3 0
github.com/vertikon/mcp-core-inventory/internal/domain/ledger/reservation.go:159.32,160.42 1 0
github.com/vertikon/mcp-core-inventory/internal/domain/ledger/reservation.go:160.42,163.3 2 0
github.com/vertikon/mcp-core-inventory/internal/domain/ledger/reservation.go:172.16,185.2 1 0
github.com/vertikon/mcp-core-inventory/internal/domain/ledger/stock_ledger.go:32.92,33.25 1 0
github.com/vertikon/mcp-core-inventory/internal/domain/ledger/stock_ledger.go:33.25,35.3 1 0
github.com/vertikon/mcp-core-inventory/internal/domain/ledger/stock_ledger.go:36.2,36.15 1 0
github.com/vertikon/mcp-core-inventory/internal/domain/ledger/stock_ledger.go:36.15,38.3 1 0
github.com/vertikon/mcp-core-inventory/internal/domain/ledger/stock_ledger.go:39.2,39.20 1 0
github.com/vertikon/mcp-core-inventory/internal/domain/ledger/stock_ledger.go:39.20,41.3 1 0
github.com/vertikon/mcp-core-inventory/internal/domain/ledger/stock_ledger.go:43.2,53.8 2 0
github.com/vertikon/mcp-core-inventory/internal/domain/ledger/stock_ledger.go:57.35,59.2 1 0
github.com/vertikon/mcp-core-inventory/internal/domain/ledger/stock_ledger.go:62.36,64.2 1 0
github.com/vertikon/mcp-core-inventory/internal/domain/ledger/stock_ledger.go:67.41,69.2 1 0
github.com/vertikon/mcp-core-inventory/internal/domain/ledger/stock_ledger.go:72.41,74.2 1 0
github.com/vertikon/mcp-core-inventory/internal/domain/ledger/stock_ledger.go:77.40,79.2 1 0
github.com/vertikon/mcp-core-inventory/internal/domain/ledger/stock_ledger.go:82.37,84.2 1 0
github.com/vertikon/mcp-core-inventory/internal/domain/ledger/stock_ledger.go:87.45,89.2 1 0
github.com/vertikon/mcp-core-inventory/internal/domain/ledger/stock_ledger.go:92.45,94.2 1 0
github.com/vertikon/mcp-core-inventory/internal/domain/ledger/stock_ledger.go:98.53,99.19 1 0
github.com/vertikon/mcp-core-inventory/internal/domain/ledger/stock_ledger.go:99.19,101.3 1 0
github.com/vertikon/mcp-core-inventory/internal/domain/ledger/stock_ledger.go:102.2,102.28 1 0
github.com/vertikon/mcp-core-inventory/internal/domain/ledger/stock_ledger.go:102.28,104.3 1 0
github.com/vertikon/mcp-core-inventory/internal/domain/ledger/stock_ledger.go:106.2,109.12 4 0
github.com/vertikon/mcp-core-inventory/internal/domain/ledger/stock_ledger.go:113.64,114.19 1 0
github.com/vertikon/mcp-core-inventory/internal/domain/ledger/stock_ledger.go:114.19,116.3 1 0
github.com/vertikon/mcp-core-inventory/internal/domain/ledger/stock_ledger.go:117.2,117.27 1 0
github.com/vertikon/mcp-core-inventory/internal/domain/ledger/stock_ledger.go:117.27,119.3 1 0
github.com/vertikon/mcp-core-inventory/internal/domain/ledger/stock_ledger.go:121.2,124.12 4 0
github.com/vertikon/mcp-core-inventory/internal/domain/ledger/stock_ledger.go:128.64,129.19 1 0
github.com/vertikon/mcp-core-inventory/internal/domain/ledger/stock_ledger.go:129.19,131.3 1 0
github.com/vertikon/mcp-core-inventory/internal/domain/ledger/stock_ledger.go:132.2,132.27 1 0
github.com/vertikon/mcp-core-inventory/internal/domain/ledger/stock_ledger.go:132.27,134.3 1 0
github.com/vertikon/mcp-core-inventory/internal/domain/ledger/stock_ledger.go:136.2,139.12 4 0
github.com/vertikon/mcp-core-inventory/internal/domain/ledger/stock_ledger.go:144.52,146.18 2 0
github.com/vertikon/mcp-core-inventory/internal/domain/ledger/stock_ledger.go:146.18,148.3 1 0
github.com/vertikon/mcp-core-inventory/internal/domain/ledger/stock_ledger.go:152.2,152.18 1 0
github.com/vertikon/mcp-core-inventory/internal/domain/ledger/stock_ledger.go:152.18,154.31 2 0
github.com/vertikon/mcp-core-inventory/internal/domain/ledger/stock_ledger.go:154.31,156.4 1 0
github.com/vertikon/mcp-core-inventory/internal/domain/ledger/stock_ledger.go:156.9,159.30 3 0
github.com/vertikon/mcp-core-inventory/internal/domain/ledger/stock_ledger.go:159.30,161.5 1 0
github.com/vertikon/mcp-core-inventory/internal/domain/ledger/stock_ledger.go:162.4,162.27 1 0
github.com/vertikon/mcp-core-inventory/internal/domain/ledger/stock_ledger.go:164.8,167.3 1 0
github.com/vertikon/mcp-core-inventory/internal/domain/ledger/stock_ledger.go:169.2,171.12 3 0
github.com/vertikon/mcp-core-inventory/internal/domain/ledger/stock_ledger.go:175.55,177.2 1 0
github.com/vertikon/mcp-core-inventory/internal/domain/ledger/stock_ledger.go:184.16,195.2 1 0
github.com/vertikon/mcp-core-inventory/internal/domain/ledger/stock_movement.go:36.150,37.14 1 0
github.com/vertikon/mcp-core-inventory/internal/domain/ledger/stock_movement.go:37.14,39.3 1 0
github.com/vertikon/mcp-core-inventory/internal/domain/ledger/stock_movement.go:40.2,40.20 1 0
github.com/vertikon/mcp-core-inventory/internal/domain/ledger/stock_movement.go:40.20,42.3 1 0
github.com/vertikon/mcp-core-inventory/internal/domain/ledger/stock_movement.go:43.2,43.24 1 0
github.com/vertikon/mcp-core-inventory/internal/domain/ledger/stock_movement.go:43.24,45.3 1 0
github.com/vertikon/mcp-core-inventory/internal/domain/ledger/stock_movement.go:46.2,46.19 1 0
github.com/vertikon/mcp-core-inventory/internal/domain/ledger/stock_movement.go:46.19,48.3 1 0
github.com/vertikon/mcp-core-inventory/internal/domain/ledger/stock_movement.go:50.2,60.8 1 0
github.com/vertikon/mcp-core-inventory/internal/domain/ledger/stock_movement.go:64.37,66.2 1 0
github.com/vertikon/mcp-core-inventory/internal/domain/ledger/stock_movement.go:69.43,71.2 1 0
github.com/vertikon/mcp-core-inventory/internal/domain/ledger/stock_movement.go:74.53,76.2 1 0
github.com/vertikon/mcp-core-inventory/internal/domain/ledger/stock_movement.go:79.42,81.2 1 0
github.com/vertikon/mcp-core-inventory/internal/domain/ledger/stock_movement.go:84.46,86.2 1 0
github.com/vertikon/mcp-core-inventory/internal/domain/ledger/stock_movement.go:89.41,91.2 1 0
github.com/vertikon/mcp-core-inventory/internal/domain/ledger/stock_movement.go:94.54,96.2 1 0
github.com/vertikon/mcp-core-inventory/internal/domain/ledger/stock_movement.go:99.56,100.23 1 0
github.com/vertikon/mcp-core-inventory/internal/domain/ledger/stock_movement.go:100.23,102.3 1 0
github.com/vertikon/mcp-core-inventory/internal/domain/ledger/stock_movement.go:103.2,103.25 1 0
github.com/vertikon/mcp-core-inventory/internal/domain/ledger/stock_movement.go:107.47,109.2 1 0
github.com/vertikon/mcp-core-inventory/internal/domain/ledger/stock_movement.go:112.44,114.2 1 0
github.com/vertikon/mcp-core-inventory/internal/domain/ledger/batches/batch.go:21.108,22.14 1 0
github.com/vertikon/mcp-core-inventory/internal/domain/ledger/batches/batch.go:22.14,24.3 1 0
github.com/vertikon/mcp-core-inventory/internal/domain/ledger/batches/batch.go:25.2,25.15 1 0
github.com/vertikon/mcp-core-inventory/internal/domain/ledger/batches/batch.go:25.15,27.3 1 0
github.com/vertikon/mcp-core-inventory/internal/domain/ledger/batches/batch.go:28.2,28.20 1 0
github.com/vertikon/mcp-core-inventory/internal/domain/ledger/batches/batch.go:28.20,30.3 1 0
github.com/vertikon/mcp-core-inventory/internal/domain/ledger/batches/batch.go:31.2,31.23 1 0
github.com/vertikon/mcp-core-inventory/internal/domain/ledger/batches/batch.go:31.23,33.3 1 0
github.com/vertikon/mcp-core-inventory/internal/domain/ledger/batches/batch.go:34.2,34.19 1 0
github.com/vertikon/mcp-core-inventory/internal/domain/ledger/batches/batch.go:34.19,36.3 1 0
github.com/vertikon/mcp-core-inventory/internal/domain/ledger/batches/batch.go:38.2,48.8 2 0
github.com/vertikon/mcp-core-inventory/internal/domain/ledger/batches/batch.go:52.29,54.2 1 0
github.com/vertikon/mcp-core-inventory/internal/domain/ledger/batches/batch.go:57.30,59.2 1 0
github.com/vertikon/mcp-core-inventory/internal/domain/ledger/batches/batch.go:62.35,64.2 1 0
github.com/vertikon/mcp-core-inventory/internal/domain/ledger/batches/batch.go:67.34,69.2 1 0
github.com/vertikon/mcp-core-inventory/internal/domain/ledger/batches/batch.go:72.38,74.2 1 0
github.com/vertikon/mcp-core-inventory/internal/domain/ledger/batches/batch.go:77.40,79.2 1 0
github.com/vertikon/mcp-core-inventory/internal/domain/ledger/batches/batch.go:82.39,84.2 1 0
github.com/vertikon/mcp-core-inventory/internal/domain/ledger/batches/batch.go:87.39,89.2 1 0
github.com/vertikon/mcp-core-inventory/internal/domain/ledger/batches/batch.go:92.34,93.24 1 0
github.com/vertikon/mcp-core-inventory/internal/domain/ledger/batches/batch.go:93.24,95.3 1 0
github.com/vertikon/mcp-core-inventory/internal/domain/ledger/batches/batch.go:96.2,96.39 1 0
github.com/vertikon/mcp-core-inventory/internal/domain/ledger/batches/batch.go:100.47,101.19 1 0
github.com/vertikon/mcp-core-inventory/internal/domain/ledger/batches/batch.go:101.19,103.3 1 0
github.com/vertikon/mcp-core-inventory/internal/domain/ledger/batches/batch.go:104.2,104.27 1 0
github.com/vertikon/mcp-core-inventory/internal/domain/ledger/batches/batch.go:104.27,106.3 1 0
github.com/vertikon/mcp-core-inventory/internal/domain/ledger/batches/batch.go:108.2,110.12 3 0
github.com/vertikon/mcp-core-inventory/internal/domain/ledger/batches/batch_policy.go:24.69,25.38 1 0
github.com/vertikon/mcp-core-inventory/internal/domain/ledger/batches/batch_policy.go:25.38,27.3 1 0
github.com/vertikon/mcp-core-inventory/internal/domain/ledger/batches/batch_policy.go:28.2,28.42 1 0
github.com/vertikon/mcp-core-inventory/internal/domain/ledger/batches/batch_policy.go:33.113,34.19 1 0
github.com/vertikon/mcp-core-inventory/internal/domain/ledger/batches/batch_policy.go:34.19,36.3 1 0
github.com/vertikon/mcp-core-inventory/internal/domain/ledger/batches/batch_policy.go:39.2,40.28 2 0
github.com/vertikon/mcp-core-inventory/internal/domain/ledger/batches/batch_policy.go:40.28,41.41 1 0
github.com/vertikon/mcp-core-inventory/internal/domain/ledger/batches/batch_policy.go:41.41,43.4 1 0
github.com/vertikon/mcp-core-inventory/internal/domain/ledger/batches/batch_policy.go:46.2,46.25 1 0
github.com/vertikon/mcp-core-inventory/internal/domain/ledger/batches/batch_policy.go:46.25,48.3 1 0
github.com/vertikon/mcp-core-inventory/internal/domain/ledger/batches/batch_policy.go:51.2,51.19 1 0
github.com/vertikon/mcp-core-inventory/internal/domain/ledger/batches/batch_policy.go:52.12,53.45 1 0
github.com/vertikon/mcp-core-inventory/internal/domain/ledger/batches/batch_policy.go:53.45,55.4 1 0
github.com/vertikon/mcp-core-inventory/internal/domain/ledger/batches/batch_policy.go:56.12,57.45 1 0
github.com/vertikon/mcp-core-inventory/internal/domain/ledger/batches/batch_policy.go:57.45,60.34 3 0
github.com/vertikon/mcp-core-inventory/internal/domain/ledger/batches/batch_policy.go:60.34,62.5 1 0
github.com/vertikon/mcp-core-inventory/internal/domain/ledger/batches/batch_policy.go:63.4,63.19 1 0
github.com/vertikon/mcp-core-inventory/internal/domain/ledger/batches/batch_policy.go:63.19,65.5 1 0
github.com/vertikon/mcp-core-inventory/internal/domain/ledger/batches/batch_policy.go:66.4,66.19 1 0
github.com/vertikon/mcp-core-inventory/internal/domain/ledger/batches/batch_policy.go:66.19,68.5 1 0
github.com/vertikon/mcp-core-inventory/internal/domain/ledger/batches/batch_policy.go:69.4,69.29 1 0
github.com/vertikon/mcp-core-inventory/internal/domain/ledger/batches/batch_policy.go:74.2,78.34 4 0
github.com/vertikon/mcp-core-inventory/internal/domain/ledger/batches/batch_policy.go:78.34,79.21 1 0
github.com/vertikon/mcp-core-inventory/internal/domain/ledger/batches/batch_policy.go:79.21,80.9 1 0
github.com/vertikon/mcp-core-inventory/internal/domain/ledger/batches/batch_policy.go:82.3,83.29 2 0
github.com/vertikon/mcp-core-inventory/internal/domain/ledger/batches/batch_policy.go:83.29,85.4 1 0
github.com/vertikon/mcp-core-inventory/internal/domain/ledger/batches/batch_policy.go:86.3,88.26 3 0
github.com/vertikon/mcp-core-inventory/internal/domain/ledger/batches/batch_policy.go:91.2,91.19 1 0
github.com/vertikon/mcp-core-inventory/internal/domain/ledger/batches/batch_policy.go:91.19,93.3 1 0
github.com/vertikon/mcp-core-inventory/internal/domain/ledger/batches/batch_policy.go:95.2,95.41 1 0
github.com/vertikon/mcp-core-inventory/internal/domain/services/ai_domain_service.go:14.44,16.2 1 0
github.com/vertikon/mcp-core-inventory/internal/domain/services/ai_domain_service.go:19.77,20.16 1 0
github.com/vertikon/mcp-core-inventory/internal/domain/services/ai_domain_service.go:20.16,22.3 1 0
github.com/vertikon/mcp-core-inventory/internal/domain/services/ai_domain_service.go:24.2,24.23 1 0
github.com/vertikon/mcp-core-inventory/internal/domain/services/ai_domain_service.go:24.23,26.3 1 0
github.com/vertikon/mcp-core-inventory/internal/domain/services/ai_domain_service.go:28.2,29.20 2 0
github.com/vertikon/mcp-core-inventory/internal/domain/services/ai_domain_service.go:29.20,31.3 1 0
github.com/vertikon/mcp-core-inventory/internal/domain/services/ai_domain_service.go:33.2,33.35 1 0
github.com/vertikon/mcp-core-inventory/internal/domain/services/ai_domain_service.go:33.35,35.3 1 0
github.com/vertikon/mcp-core-inventory/internal/domain/services/ai_domain_service.go:37.2,37.12 1 0
github.com/vertikon/mcp-core-inventory/internal/domain/services/ai_domain_service.go:41.92,42.22 1 0
github.com/vertikon/mcp-core-inventory/internal/domain/services/ai_domain_service.go:42.22,44.3 1 0
github.com/vertikon/mcp-core-inventory/internal/domain/services/ai_domain_service.go:46.2,47.25 2 0
github.com/vertikon/mcp-core-inventory/internal/domain/services/ai_domain_service.go:47.25,49.3 1 0
github.com/vertikon/mcp-core-inventory/internal/domain/services/ai_domain_service.go:51.2,52.26 2 0
github.com/vertikon/mcp-core-inventory/internal/domain/services/ai_domain_service.go:52.26,54.3 1 0
github.com/vertikon/mcp-core-inventory/internal/domain/services/ai_domain_service.go:56.2,56.12 1 0
github.com/vertikon/mcp-core-inventory/internal/domain/services/knowledge_domain_service.go:14.58,16.2 1 0
github.com/vertikon/mcp-core-inventory/internal/domain/services/knowledge_domain_service.go:19.89,20.22 1 0
github.com/vertikon/mcp-core-inventory/internal/domain/services/knowledge_domain_service.go:20.22,22.3 1 0
github.com/vertikon/mcp-core-inventory/internal/domain/services/knowledge_domain_service.go:24.2,24.28 1 0
github.com/vertikon/mcp-core-inventory/internal/domain/services/knowledge_domain_service.go:24.28,26.3 1 0
github.com/vertikon/mcp-core-inventory/internal/domain/services/knowledge_domain_service.go:29.2,30.25 2 0
github.com/vertikon/mcp-core-inventory/internal/domain/services/knowledge_domain_service.go:30.25,32.3 1 0
github.com/vertikon/mcp-core-inventory/internal/domain/services/knowledge_domain_service.go:34.2,34.12 1 0
github.com/vertikon/mcp-core-inventory/internal/domain/services/knowledge_domain_service.go:38.102,39.22 1 0
github.com/vertikon/mcp-core-inventory/internal/domain/services/knowledge_domain_service.go:39.22,41.3 1 0
github.com/vertikon/mcp-core-inventory/internal/domain/services/knowledge_domain_service.go:42.2,42.19 1 0
github.com/vertikon/mcp-core-inventory/internal/domain/services/knowledge_domain_service.go:42.19,44.3 1 0
github.com/vertikon/mcp-core-inventory/internal/domain/services/knowledge_domain_service.go:46.2,46.12 1 0
github.com/vertikon/mcp-core-inventory/internal/domain/services/knowledge_domain_service.go:50.124,51.22 1 0
github.com/vertikon/mcp-core-inventory/internal/domain/services/knowledge_domain_service.go:51.22,53.3 1 0
github.com/vertikon/mcp-core-inventory/internal/domain/services/knowledge_domain_service.go:54.2,54.22 1 0
github.com/vertikon/mcp-core-inventory/internal/domain/services/knowledge_domain_service.go:54.22,56.3 1 0
github.com/vertikon/mcp-core-inventory/internal/domain/services/knowledge_domain_service.go:57.2,57.22 1 0
github.com/vertikon/mcp-core-inventory/internal/domain/services/knowledge_domain_service.go:57.22,59.3 1 0
github.com/vertikon/mcp-core-inventory/internal/domain/services/knowledge_domain_service.go:62.2,64.32 3 0
github.com/vertikon/mcp-core-inventory/internal/domain/services/knowledge_domain_service.go:64.32,65.29 1 0
github.com/vertikon/mcp-core-inventory/internal/domain/services/knowledge_domain_service.go:65.29,67.9 2 0
github.com/vertikon/mcp-core-inventory/internal/domain/services/knowledge_domain_service.go:70.2,70.12 1 0
github.com/vertikon/mcp-core-inventory/internal/domain/services/knowledge_domain_service.go:70.12,72.3 1 0
github.com/vertikon/mcp-core-inventory/internal/domain/services/knowledge_domain_service.go:74.2,74.12 1 0
github.com/vertikon/mcp-core-inventory/internal/domain/services/knowledge_domain_service.go:78.120,79.22 1 0
github.com/vertikon/mcp-core-inventory/internal/domain/services/knowledge_domain_service.go:79.22,81.3 1 0
github.com/vertikon/mcp-core-inventory/internal/domain/services/knowledge_domain_service.go:84.2,84.29 1 0
github.com/vertikon/mcp-core-inventory/internal/domain/services/mcp_domain_service.go:15.46,17.2 1 0
github.com/vertikon/mcp-core-inventory/internal/domain/services/mcp_domain_service.go:20.65,21.16 1 0
github.com/vertikon/mcp-core-inventory/internal/domain/services/mcp_domain_service.go:21.16,23.3 1 0
github.com/vertikon/mcp-core-inventory/internal/domain/services/mcp_domain_service.go:25.2,25.22 1 0
github.com/vertikon/mcp-core-inventory/internal/domain/services/mcp_domain_service.go:25.22,27.3 1 0
github.com/vertikon/mcp-core-inventory/internal/domain/services/mcp_domain_service.go:29.2,29.22 1 0
github.com/vertikon/mcp-core-inventory/internal/domain/services/mcp_domain_service.go:29.22,31.3 1 0
github.com/vertikon/mcp-core-inventory/internal/domain/services/mcp_domain_service.go:33.2,33.28 1 0
github.com/vertikon/mcp-core-inventory/internal/domain/services/mcp_domain_service.go:33.28,35.3 1 0
github.com/vertikon/mcp-core-inventory/internal/domain/services/mcp_domain_service.go:38.2,40.35 3 0
github.com/vertikon/mcp-core-inventory/internal/domain/services/mcp_domain_service.go:40.35,41.35 1 0
github.com/vertikon/mcp-core-inventory/internal/domain/services/mcp_domain_service.go:41.35,43.4 1 0
github.com/vertikon/mcp-core-inventory/internal/domain/services/mcp_domain_service.go:44.3,44.38 1 0
github.com/vertikon/mcp-core-inventory/internal/domain/services/mcp_domain_service.go:47.2,47.12 1 0
github.com/vertikon/mcp-core-inventory/internal/domain/services/mcp_domain_service.go:51.99,52.16 1 0
github.com/vertikon/mcp-core-inventory/internal/domain/services/mcp_domain_service.go:52.16,54.3 1 0
github.com/vertikon/mcp-core-inventory/internal/domain/services/mcp_domain_service.go:55.2,55.20 1 0
github.com/vertikon/mcp-core-inventory/internal/domain/services/mcp_domain_service.go:55.20,57.3 1 0
github.com/vertikon/mcp-core-inventory/internal/domain/services/mcp_domain_service.go:60.2,61.29 2 0
github.com/vertikon/mcp-core-inventory/internal/domain/services/mcp_domain_service.go:61.29,62.24 1 0
github.com/vertikon/mcp-core-inventory/internal/domain/services/mcp_domain_service.go:62.24,64.4 1 0
github.com/vertikon/mcp-core-inventory/internal/domain/services/mcp_domain_service.go:67.2,67.12 1 0
github.com/vertikon/mcp-core-inventory/internal/domain/services/mcp_domain_service.go:71.90,72.16 1 0
github.com/vertikon/mcp-core-inventory/internal/domain/services/mcp_domain_service.go:72.16,74.3 1 0
github.com/vertikon/mcp-core-inventory/internal/domain/services/mcp_domain_service.go:75.2,75.23 1 0
github.com/vertikon/mcp-core-inventory/internal/domain/services/mcp_domain_service.go:75.23,77.3 1 0
github.com/vertikon/mcp-core-inventory/internal/domain/services/mcp_domain_service.go:80.2,80.22 1 0
github.com/vertikon/mcp-core-inventory/internal/domain/services/mcp_domain_service.go:80.22,82.3 1 0
github.com/vertikon/mcp-core-inventory/internal/domain/services/mcp_domain_service.go:84.2,84.12 1 0
github.com/vertikon/mcp-core-inventory/internal/domain/services/template_domain_service.go:14.56,16.2 1 0
github.com/vertikon/mcp-core-inventory/internal/domain/services/template_domain_service.go:19.85,20.21 1 0
github.com/vertikon/mcp-core-inventory/internal/domain/services/template_domain_service.go:20.21,22.3 1 0
github.com/vertikon/mcp-core-inventory/internal/domain/services/template_domain_service.go:24.2,24.27 1 0
github.com/vertikon/mcp-core-inventory/internal/domain/services/template_domain_service.go:24.27,26.3 1 0
github.com/vertikon/mcp-core-inventory/internal/domain/services/template_domain_service.go:28.2,28.30 1 0
github.com/vertikon/mcp-core-inventory/internal/domain/services/template_domain_service.go:28.30,30.3 1 0
github.com/vertikon/mcp-core-inventory/internal/domain/services/template_domain_service.go:32.2,32.33 1 0
github.com/vertikon/mcp-core-inventory/internal/domain/services/template_domain_service.go:32.33,34.3 1 0
github.com/vertikon/mcp-core-inventory/internal/domain/services/template_domain_service.go:36.2,36.12 1 0
github.com/vertikon/mcp-core-inventory/internal/domain/services/template_domain_service.go:40.100,41.21 1 0
github.com/vertikon/mcp-core-inventory/internal/domain/services/template_domain_service.go:41.21,43.3 1 0
github.com/vertikon/mcp-core-inventory/internal/domain/services/template_domain_service.go:44.2,44.20 1 0
github.com/vertikon/mcp-core-inventory/internal/domain/services/template_domain_service.go:44.20,46.3 1 0
github.com/vertikon/mcp-core-inventory/internal/domain/services/template_domain_service.go:49.2,50.30 2 0
github.com/vertikon/mcp-core-inventory/internal/domain/services/template_domain_service.go:50.30,51.20 1 0
github.com/vertikon/mcp-core-inventory/internal/domain/services/template_domain_service.go:51.20,53.4 1 0
github.com/vertikon/mcp-core-inventory/internal/domain/services/template_domain_service.go:56.2,56.12 1 0
github.com/vertikon/mcp-core-inventory/internal/domain/services/template_domain_service.go:60.114,61.21 1 0
github.com/vertikon/mcp-core-inventory/internal/domain/services/template_domain_service.go:61.21,63.3 1 0
github.com/vertikon/mcp-core-inventory/internal/domain/services/template_domain_service.go:66.2,66.26 1 0
github.com/vertikon/mcp-core-inventory/internal/infrastructure/cloud/kubernetes/k8s_client.go:103.94,104.18 1 0
github.com/vertikon/mcp-core-inventory/internal/infrastructure/cloud/kubernetes/k8s_client.go:104.18,106.3 1 0
github.com/vertikon/mcp-core-inventory/internal/infrastructure/cloud/kubernetes/k8s_client.go:108.2,111.22 3 0
github.com/vertikon/mcp-core-inventory/internal/infrastructure/cloud/kubernetes/k8s_client.go:111.22,114.17 2 0
github.com/vertikon/mcp-core-inventory/internal/infrastructure/cloud/kubernetes/k8s_client.go:114.17,116.45 1 0
github.com/vertikon/mcp-core-inventory/internal/infrastructure/cloud/kubernetes/k8s_client.go:116.45,118.5 1 0
github.com/vertikon/mcp-core-inventory/internal/infrastructure/cloud/kubernetes/k8s_client.go:119.4,120.18 2 0
github.com/vertikon/mcp-core-inventory/internal/infrastructure/cloud/kubernetes/k8s_client.go:120.18,122.5 1 0
github.com/vertikon/mcp-core-inventory/internal/infrastructure/cloud/kubernetes/k8s_client.go:124.8,126.17 2 0
github.com/vertikon/mcp-core-inventory/internal/infrastructure/cloud/kubernetes/k8s_client.go:126.17,128.4 1 0
github.com/vertikon/mcp-core-inventory/internal/infrastructure/cloud/kubernetes/k8s_client.go:131.2,132.16 2 0
github.com/vertikon/mcp-core-inventory/internal/infrastructure/cloud/kubernetes/k8s_client.go:132.16,134.3 1 0
github.com/vertikon/mcp-core-inventory/internal/infrastructure/cloud/kubernetes/k8s_client.go:136.2,139.8 1 0
github.com/vertikon/mcp-core-inventory/internal/infrastructure/cloud/kubernetes/k8s_client.go:143.89,144.23 1 0
github.com/vertikon/mcp-core-inventory/internal/infrastructure/cloud/kubernetes/k8s_client.go:144.23,146.3 1 0
github.com/vertikon/mcp-core-inventory/internal/infrastructure/cloud/kubernetes/k8s_client.go:147.2,147.27 1 0
github.com/vertikon/mcp-core-inventory/internal/infrastructure/cloud/kubernetes/k8s_client.go:147.27,149.3 1 0
github.com/vertikon/mcp-core-inventory/internal/infrastructure/cloud/kubernetes/k8s_client.go:150.2,150.32 1 0
github.com/vertikon/mcp-core-inventory/internal/infrastructure/cloud/kubernetes/k8s_client.go:150.32,152.3 1 0
github.com/vertikon/mcp-core-inventory/internal/infrastructure/cloud/kubernetes/k8s_client.go:154.2,163.40 3 0
github.com/vertikon/mcp-core-inventory/internal/infrastructure/cloud/kubernetes/k8s_client.go:163.40,167.3 1 0
github.com/vertikon/mcp-core-inventory/internal/infrastructure/cloud/kubernetes/k8s_client.go:170.2,171.41 2 0
github.com/vertikon/mcp-core-inventory/internal/infrastructure/cloud/kubernetes/k8s_client.go:171.41,176.3 1 0
github.com/vertikon/mcp-core-inventory/internal/infrastructure/cloud/kubernetes/k8s_client.go:179.2,180.19 2 0
github.com/vertikon/mcp-core-inventory/internal/infrastructure/cloud/kubernetes/k8s_client.go:180.19,182.3 1 0
github.com/vertikon/mcp-core-inventory/internal/infrastructure/cloud/kubernetes/k8s_client.go:184.2,214.16 3 0
github.com/vertikon/mcp-core-inventory/internal/infrastructure/cloud/kubernetes/k8s_client.go:214.16,216.3 1 0
github.com/vertikon/mcp-core-inventory/internal/infrastructure/cloud/kubernetes/k8s_client.go:218.2,223.12 2 0
github.com/vertikon/mcp-core-inventory/internal/infrastructure/cloud/kubernetes/k8s_client.go:227.108,228.16 1 0
github.com/vertikon/mcp-core-inventory/internal/infrastructure/cloud/kubernetes/k8s_client.go:228.16,230.3 1 0
github.com/vertikon/mcp-core-inventory/internal/infrastructure/cloud/kubernetes/k8s_client.go:231.2,231.21 1 0
github.com/vertikon/mcp-core-inventory/internal/infrastructure/cloud/kubernetes/k8s_client.go:231.21,233.3 1 0
github.com/vertikon/mcp-core-inventory/internal/infrastructure/cloud/kubernetes/k8s_client.go:235.2,241.16 3 0
github.com/vertikon/mcp-core-inventory/internal/infrastructure/cloud/kubernetes/k8s_client.go:241.16,243.3 1 0
github.com/vertikon/mcp-core-inventory/internal/infrastructure/cloud/kubernetes/k8s_client.go:245.2,246.40 2 0
[...]
github.com/vertikon/mcp-core-inventory/tools/generators/config_generator.go:155.2,155.23 1 0
github.com/vertikon/mcp-core-inventory/tools/generators/config_generator.go:155.23,157.3 1 0
github.com/vertikon/mcp-core-inventory/tools/generators/config_generator.go:159.2,160.16 2 0
github.com/vertikon/mcp-core-inventory/tools/generators/config_generator.go:160.16,162.3 1 0
github.com/vertikon/mcp-core-inventory/tools/generators/config_generator.go:164.2,164.21 1 0
github.com/vertikon/mcp-core-inventory/tools/generators/config_generator.go:168.83,175.23 3 0
github.com/vertikon/mcp-core-inventory/tools/generators/config_generator.go:175.23,177.3 1 0
github.com/vertikon/mcp-core-inventory/tools/generators/config_generator.go:180.2,180.23 1 0
github.com/vertikon/mcp-core-inventory/tools/generators/config_generator.go:180.23,182.3 1 0
github.com/vertikon/mcp-core-inventory/tools/generators/config_generator.go:184.2,185.16 2 0
github.com/vertikon/mcp-core-inventory/tools/generators/config_generator.go:185.16,187.3 1 0
github.com/vertikon/mcp-core-inventory/tools/generators/config_generator.go:191.2,191.21 1 0
github.com/vertikon/mcp-core-inventory/tools/generators/config_generator.go:195.89,205.23 7 0
github.com/vertikon/mcp-core-inventory/tools/generators/config_generator.go:205.23,206.38 1 0
github.com/vertikon/mcp-core-inventory/tools/generators/config_generator.go:206.38,209.4 2 0
github.com/vertikon/mcp-core-inventory/tools/generators/config_generator.go:212.2,212.47 1 0
github.com/vertikon/mcp-core-inventory/tools/generators/config_generator.go:216.83,222.23 4 0
github.com/vertikon/mcp-core-inventory/tools/generators/config_generator.go:222.23,223.38 1 0
github.com/vertikon/mcp-core-inventory/tools/generators/config_generator.go:223.38,226.4 2 0
github.com/vertikon/mcp-core-inventory/tools/generators/config_generator.go:229.2,229.47 1 0
github.com/vertikon/mcp-core-inventory/tools/generators/config_generator.go:233.63,234.22 1 0
github.com/vertikon/mcp-core-inventory/tools/generators/config_generator.go:235.14,236.18 1 0
github.com/vertikon/mcp-core-inventory/tools/generators/config_generator.go:237.25,238.19 1 0
github.com/vertikon/mcp-core-inventory/tools/generators/config_generator.go:239.24,240.18 1 0
github.com/vertikon/mcp-core-inventory/tools/generators/config_generator.go:241.12,242.19 1 0
github.com/vertikon/mcp-core-inventory/tools/generators/config_generator.go:243.21,244.17 1 0
github.com/vertikon/mcp-core-inventory/tools/generators/config_generator.go:245.30,246.18 1 0
github.com/vertikon/mcp-core-inventory/tools/generators/config_generator.go:247.10,248.18 1 0
github.com/vertikon/mcp-core-inventory/tools/generators/mcp_generator.go:20.57,34.2 3 0
github.com/vertikon/mcp-core-inventory/tools/generators/mcp_generator.go:37.109,53.16 4 0
github.com/vertikon/mcp-core-inventory/tools/generators/mcp_generator.go:53.16,55.3 1 0
github.com/vertikon/mcp-core-inventory/tools/generators/mcp_generator.go:58.2,65.8 1 0
github.com/vertikon/mcp-core-inventory/tools/generators/mcp_generator.go:88.63,89.20 1 0
github.com/vertikon/mcp-core-inventory/tools/generators/mcp_generator.go:89.20,91.3 1 0
github.com/vertikon/mcp-core-inventory/tools/generators/mcp_generator.go:93.2,93.20 1 0
github.com/vertikon/mcp-core-inventory/tools/generators/mcp_generator.go:93.20,95.3 1 0
github.com/vertikon/mcp-core-inventory/tools/generators/mcp_generator.go:97.2,97.21 1 0
github.com/vertikon/mcp-core-inventory/tools/generators/mcp_generator.go:97.21,99.3 1 0
github.com/vertikon/mcp-core-inventory/tools/generators/mcp_generator.go:102.2,102.40 1 0
github.com/vertikon/mcp-core-inventory/tools/generators/mcp_generator.go:102.40,104.3 1 0
github.com/vertikon/mcp-core-inventory/tools/generators/mcp_generator.go:106.2,106.12 1 0
github.com/vertikon/mcp-core-inventory/tools/generators/mcp_generator.go:110.55,112.2 1 0
github.com/vertikon/mcp-core-inventory/tools/generators/mcp_generator.go:115.83,117.2 1 0
github.com/vertikon/mcp-core-inventory/tools/generators/mcp_generator.go:120.66,122.2 1 0
github.com/vertikon/mcp-core-inventory/tools/generators/template_generator.go:22.67,36.2 3 0
github.com/vertikon/mcp-core-inventory/tools/generators/template_generator.go:39.133,47.57 3 0
github.com/vertikon/mcp-core-inventory/tools/generators/template_generator.go:47.57,49.3 1 0
github.com/vertikon/mcp-core-inventory/tools/generators/template_generator.go:52.2,64.16 4 0
github.com/vertikon/mcp-core-inventory/tools/generators/template_generator.go:64.16,66.3 1 0
github.com/vertikon/mcp-core-inventory/tools/generators/template_generator.go:69.2,70.16 2 0
github.com/vertikon/mcp-core-inventory/tools/generators/template_generator.go:70.16,72.3 1 0
github.com/vertikon/mcp-core-inventory/tools/generators/template_generator.go:75.2,83.8 1 0
github.com/vertikon/mcp-core-inventory/tools/generators/template_generator.go:107.72,111.90 3 0
github.com/vertikon/mcp-core-inventory/tools/generators/template_generator.go:111.90,112.17 1 0
github.com/vertikon/mcp-core-inventory/tools/generators/template_generator.go:112.17,114.4 1 0
github.com/vertikon/mcp-core-inventory/tools/generators/template_generator.go:116.3,116.43 1 0
github.com/vertikon/mcp-core-inventory/tools/generators/template_generator.go:116.43,118.18 2 0
github.com/vertikon/mcp-core-inventory/tools/generators/template_generator.go:118.18,120.5 1 0
github.com/vertikon/mcp-core-inventory/tools/generators/template_generator.go:121.4,122.27 2 0
github.com/vertikon/mcp-core-inventory/tools/generators/template_generator.go:125.3,125.13 1 0
github.com/vertikon/mcp-core-inventory/tools/generators/template_generator.go:128.2,128.23 1 0
github.com/vertikon/mcp-core-inventory/tools/generators/template_generator.go:132.98,140.57 5 0
github.com/vertikon/mcp-core-inventory/tools/generators/template_generator.go:140.57,142.3 1 0
github.com/vertikon/mcp-core-inventory/tools/generators/template_generator.go:145.2,146.35 2 0
github.com/vertikon/mcp-core-inventory/tools/generators/template_generator.go:146.35,148.17 2 0
github.com/vertikon/mcp-core-inventory/tools/generators/template_generator.go:148.17,150.4 1 0
github.com/vertikon/mcp-core-inventory/tools/generators/template_generator.go:153.2,153.18 1 0
github.com/vertikon/mcp-core-inventory/tools/generators/template_generator.go:157.84,168.48 2 0
github.com/vertikon/mcp-core-inventory/tools/generators/template_generator.go:168.48,170.3 1 0
github.com/vertikon/mcp-core-inventory/tools/generators/template_generator.go:173.2,173.13 1 0
github.com/vertikon/mcp-core-inventory/tools/generators/template_generator.go:177.73,178.28 1 0
github.com/vertikon/mcp-core-inventory/tools/generators/template_generator.go:178.28,180.3 1 0
github.com/vertikon/mcp-core-inventory/tools/generators/template_generator.go:182.2,182.27 1 0
github.com/vertikon/mcp-core-inventory/tools/generators/template_generator.go:182.27,184.3 1 0
github.com/vertikon/mcp-core-inventory/tools/generators/template_generator.go:186.2,186.26 1 0
github.com/vertikon/mcp-core-inventory/tools/generators/template_generator.go:186.26,188.3 1 0
github.com/vertikon/mcp-core-inventory/tools/generators/template_generator.go:191.2,192.57 2 0
github.com/vertikon/mcp-core-inventory/tools/generators/template_generator.go:192.57,194.3 1 0
github.com/vertikon/mcp-core-inventory/tools/generators/template_generator.go:196.2,196.12 1 0
github.com/vertikon/mcp-core-inventory/tools/validators/code_validator.go:22.40,27.2 1 0
github.com/vertikon/mcp-core-inventory/tools/validators/code_validator.go:30.113,40.53 5 0
github.com/vertikon/mcp-core-inventory/tools/validators/code_validator.go:40.53,46.3 1 0
github.com/vertikon/mcp-core-inventory/tools/validators/code_validator.go:49.2,49.84 1 0
github.com/vertikon/mcp-core-inventory/tools/validators/code_validator.go:49.84,51.3 1 0
github.com/vertikon/mcp-core-inventory/tools/validators/code_validator.go:54.2,54.81 1 0
github.com/vertikon/mcp-core-inventory/tools/validators/code_validator.go:54.81,56.3 1 0
github.com/vertikon/mcp-core-inventory/tools/validators/code_validator.go:59.2,59.91 1 0
github.com/vertikon/mcp-core-inventory/tools/validators/code_validator.go:59.91,61.3 1 0
github.com/vertikon/mcp-core-inventory/tools/validators/code_validator.go:64.2,70.16 3 0
github.com/vertikon/mcp-core-inventory/tools/validators/code_validator.go:70.16,74.3 3 0
github.com/vertikon/mcp-core-inventory/tools/validators/code_validator.go:76.2,84.8 2 0
github.com/vertikon/mcp-core-inventory/tools/validators/code_validator.go:104.119,107.54 2 0
github.com/vertikon/mcp-core-inventory/tools/validators/code_validator.go:107.54,109.3 1 0
github.com/vertikon/mcp-core-inventory/tools/validators/code_validator.go:109.8,111.3 1 0
github.com/vertikon/mcp-core-inventory/tools/validators/code_validator.go:113.2,114.12 2 0
github.com/vertikon/mcp-core-inventory/tools/validators/code_validator.go:118.116,120.86 1 0
github.com/vertikon/mcp-core-inventory/tools/validators/code_validator.go:120.86,121.17 1 0
github.com/vertikon/mcp-core-inventory/tools/validators/code_validator.go:121.17,123.4 1 0
github.com/vertikon/mcp-core-inventory/tools/validators/code_validator.go:125.3,125.58 1 0
github.com/vertikon/mcp-core-inventory/tools/validators/code_validator.go:125.58,127.18 2 0
github.com/vertikon/mcp-core-inventory/tools/validators/code_validator.go:127.18,129.5 1 0
github.com/vertikon/mcp-core-inventory/tools/validators/code_validator.go:131.4,134.48 2 0
github.com/vertikon/mcp-core-inventory/tools/validators/code_validator.go:134.48,136.5 1 0
github.com/vertikon/mcp-core-inventory/tools/validators/code_validator.go:139.3,139.13 1 0
github.com/vertikon/mcp-core-inventory/tools/validators/code_validator.go:142.2,142.16 1 0
github.com/vertikon/mcp-core-inventory/tools/validators/code_validator.go:142.16,144.3 1 0
github.com/vertikon/mcp-core-inventory/tools/validators/code_validator.go:146.2,147.12 2 0
github.com/vertikon/mcp-core-inventory/tools/validators/code_validator.go:151.126,153.86 1 0
github.com/vertikon/mcp-core-inventory/tools/validators/code_validator.go:153.86,154.17 1 0
github.com/vertikon/mcp-core-inventory/tools/validators/code_validator.go:154.17,156.4 1 0
github.com/vertikon/mcp-core-inventory/tools/validators/code_validator.go:158.3,158.58 1 0
github.com/vertikon/mcp-core-inventory/tools/validators/code_validator.go:158.58,162.89 2 0
github.com/vertikon/mcp-core-inventory/tools/validators/code_validator.go:162.89,164.5 1 0
github.com/vertikon/mcp-core-inventory/tools/validators/code_validator.go:167.3,167.13 1 0
github.com/vertikon/mcp-core-inventory/tools/validators/code_validator.go:170.2,170.16 1 0
github.com/vertikon/mcp-core-inventory/tools/validators/code_validator.go:170.16,172.3 1 0
github.com/vertikon/mcp-core-inventory/tools/validators/code_validator.go:174.2,175.12 2 0
github.com/vertikon/mcp-core-inventory/tools/validators/code_validator.go:179.65,180.20 1 0
github.com/vertikon/mcp-core-inventory/tools/validators/code_validator.go:180.20,182.3 1 0
github.com/vertikon/mcp-core-inventory/tools/validators/code_validator.go:183.2,183.12 1 0
github.com/vertikon/mcp-core-inventory/tools/validators/config_validator.go:23.44,28.2 1 0
github.com/vertikon/mcp-core-inventory/tools/validators/config_validator.go:31.121,41.53 5 0
github.com/vertikon/mcp-core-inventory/tools/validators/config_validator.go:41.53,47.3 1 0
github.com/vertikon/mcp-core-inventory/tools/validators/config_validator.go:50.2,50.102 1 0
github.com/vertikon/mcp-core-inventory/tools/validators/config_validator.go:50.102,52.3 1 0
github.com/vertikon/mcp-core-inventory/tools/validators/config_validator.go:55.2,55.46 1 0
github.com/vertikon/mcp-core-inventory/tools/validators/config_validator.go:55.46,56.99 1 0
github.com/vertikon/mcp-core-inventory/tools/validators/config_validator.go:56.99,58.4 1 0
github.com/vertikon/mcp-core-inventory/tools/validators/config_validator.go:62.2,69.16 3 0
github.com/vertikon/mcp-core-inventory/tools/validators/config_validator.go:69.16,73.3 3 0
github.com/vertikon/mcp-core-inventory/tools/validators/config_validator.go:75.2,83.8 2 0
github.com/vertikon/mcp-core-inventory/tools/validators/config_validator.go:103.135,114.86 3 0
github.com/vertikon/mcp-core-inventory/tools/validators/config_validator.go:114.86,116.3 1 0
github.com/vertikon/mcp-core-inventory/tools/validators/config_validator.go:119.2,119.20 1 0
github.com/vertikon/mcp-core-inventory/tools/validators/config_validator.go:120.21,121.43 1 0
github.com/vertikon/mcp-core-inventory/tools/validators/config_validator.go:121.43,123.4 1 0
github.com/vertikon/mcp-core-inventory/tools/validators/config_validator.go:123.9,125.4 1 0
github.com/vertikon/mcp-core-inventory/tools/validators/config_validator.go:126.14,128.43 1 0
github.com/vertikon/mcp-core-inventory/tools/validators/config_validator.go:129.13,131.42 1 0
github.com/vertikon/mcp-core-inventory/tools/validators/config_validator.go:132.14,134.43 1 0
github.com/vertikon/mcp-core-inventory/tools/validators/config_validator.go:135.10,136.84 1 0
github.com/vertikon/mcp-core-inventory/tools/validators/config_validator.go:139.2,140.12 2 0
github.com/vertikon/mcp-core-inventory/tools/validators/config_validator.go:144.154,147.16 2 0
github.com/vertikon/mcp-core-inventory/tools/validators/config_validator.go:147.16,149.3 1 0
github.com/vertikon/mcp-core-inventory/tools/validators/config_validator.go:152.2,155.13 3 0
github.com/vertikon/mcp-core-inventory/tools/validators/config_validator.go:156.23,157.62 1 0
github.com/vertikon/mcp-core-inventory/tools/validators/config_validator.go:157.62,159.4 1 0
github.com/vertikon/mcp-core-inventory/tools/validators/config_validator.go:160.10,162.13 2 0
github.com/vertikon/mcp-core-inventory/tools/validators/config_validator.go:167.2,167.19 1 0
github.com/vertikon/mcp-core-inventory/tools/validators/config_validator.go:167.19,168.34 1 0
github.com/vertikon/mcp-core-inventory/tools/validators/config_validator.go:168.34,169.45 1 0
github.com/vertikon/mcp-core-inventory/tools/validators/config_validator.go:169.45,171.5 1 0
github.com/vertikon/mcp-core-inventory/tools/validators/config_validator.go:171.10,174.5 1 0
github.com/vertikon/mcp-core-inventory/tools/validators/config_validator.go:178.2,179.12 2 0
github.com/vertikon/mcp-core-inventory/tools/validators/config_validator.go:183.56,185.16 2 0
github.com/vertikon/mcp-core-inventory/tools/validators/config_validator.go:185.16,187.3 1 0
github.com/vertikon/mcp-core-inventory/tools/validators/config_validator.go:189.2,190.39 2 0
github.com/vertikon/mcp-core-inventory/tools/validators/config_validator.go:194.69,195.20 1 0
github.com/vertikon/mcp-core-inventory/tools/validators/config_validator.go:195.20,197.3 1 0
github.com/vertikon/mcp-core-inventory/tools/validators/config_validator.go:199.2,199.26 1 0
github.com/vertikon/mcp-core-inventory/tools/validators/config_validator.go:199.26,201.3 1 0
github.com/vertikon/mcp-core-inventory/tools/validators/config_validator.go:203.2,205.32 3 0
github.com/vertikon/mcp-core-inventory/tools/validators/config_validator.go:205.32,206.27 1 0
github.com/vertikon/mcp-core-inventory/tools/validators/config_validator.go:206.27,208.9 2 0
github.com/vertikon/mcp-core-inventory/tools/validators/config_validator.go:211.2,211.12 1 0
github.com/vertikon/mcp-core-inventory/tools/validators/config_validator.go:211.12,213.3 1 0
github.com/vertikon/mcp-core-inventory/tools/validators/config_validator.go:215.2,215.12 1 0
github.com/vertikon/mcp-core-inventory/tools/validators/mcp_validator.go:19.38,24.2 1 0
github.com/vertikon/mcp-core-inventory/tools/validators/mcp_validator.go:27.109,41.16 4 0
github.com/vertikon/mcp-core-inventory/tools/validators/mcp_validator.go:41.16,43.3 1 0
github.com/vertikon/mcp-core-inventory/tools/validators/mcp_validator.go:46.2,46.23 1 0
github.com/vertikon/mcp-core-inventory/tools/validators/mcp_validator.go:46.23,54.17 3 0
github.com/vertikon/mcp-core-inventory/tools/validators/mcp_validator.go:54.17,59.4 3 0
github.com/vertikon/mcp-core-inventory/tools/validators/mcp_validator.go:63.2,63.27 1 0
github.com/vertikon/mcp-core-inventory/tools/validators/mcp_validator.go:63.27,72.17 3 0
github.com/vertikon/mcp-core-inventory/tools/validators/mcp_validator.go:72.17,77.4 3 0
github.com/vertikon/mcp-core-inventory/tools/validators/mcp_validator.go:81.2,92.34 2 0
github.com/vertikon/mcp-core-inventory/tools/validators/mcp_validator.go:92.34,94.3 1 0
github.com/vertikon/mcp-core-inventory/tools/validators/mcp_validator.go:96.2,96.20 1 0
github.com/vertikon/mcp-core-inventory/tools/validators/mcp_validator.go:119.63,120.20 1 0
github.com/vertikon/mcp-core-inventory/tools/validators/mcp_validator.go:120.20,122.3 1 0
github.com/vertikon/mcp-core-inventory/tools/validators/mcp_validator.go:123.2,123.12 1 0
github.com/vertikon/mcp-core-inventory/tools/validators/mcp_validator.go:127.66,129.2 1 0
github.com/vertikon/mcp-core-inventory/tools/validators/template_validator.go:22.48,27.2 1 0
github.com/vertikon/mcp-core-inventory/tools/validators/template_validator.go:30.129,40.53 5 0
github.com/vertikon/mcp-core-inventory/tools/validators/template_validator.go:40.53,46.3 1 0
github.com/vertikon/mcp-core-inventory/tools/validators/template_validator.go:49.2,49.91 1 0
github.com/vertikon/mcp-core-inventory/tools/validators/template_validator.go:49.91,51.3 1 0
github.com/vertikon/mcp-core-inventory/tools/validators/template_validator.go:54.2,54.87 1 0
github.com/vertikon/mcp-core-inventory/tools/validators/template_validator.go:54.87,56.3 1 0
github.com/vertikon/mcp-core-inventory/tools/validators/template_validator.go:59.2,59.93 1 0
github.com/vertikon/mcp-core-inventory/tools/validators/template_validator.go:59.93,61.3 1 0
github.com/vertikon/mcp-core-inventory/tools/validators/template_validator.go:63.2,71.8 2 0
github.com/vertikon/mcp-core-inventory/tools/validators/template_validator.go:90.130,97.31 2 0
github.com/vertikon/mcp-core-inventory/tools/validators/template_validator.go:97.31,99.53 2 0
github.com/vertikon/mcp-core-inventory/tools/validators/template_validator.go:99.53,101.4 1 0
github.com/vertikon/mcp-core-inventory/tools/validators/template_validator.go:104.2,105.12 2 0
github.com/vertikon/mcp-core-inventory/tools/validators/template_validator.go:109.126,112.86 2 0
github.com/vertikon/mcp-core-inventory/tools/validators/template_validator.go:112.86,113.17 1 0
github.com/vertikon/mcp-core-inventory/tools/validators/template_validator.go:113.17,115.4 1 0
github.com/vertikon/mcp-core-inventory/tools/validators/template_validator.go:117.3,117.60 1 0
github.com/vertikon/mcp-core-inventory/tools/validators/template_validator.go:117.60,119.4 1 0
github.com/vertikon/mcp-core-inventory/tools/validators/template_validator.go:121.3,121.13 1 0
github.com/vertikon/mcp-core-inventory/tools/validators/template_validator.go:124.2,124.16 1 0
github.com/vertikon/mcp-core-inventory/tools/validators/template_validator.go:124.16,126.3 1 0
github.com/vertikon/mcp-core-inventory/tools/validators/template_validator.go:128.2,128.24 1 0
github.com/vertikon/mcp-core-inventory/tools/validators/template_validator.go:128.24,130.3 1 0
github.com/vertikon/mcp-core-inventory/tools/validators/template_validator.go:132.2,133.12 2 0
github.com/vertikon/mcp-core-inventory/tools/validators/template_validator.go:137.132,140.41 2 0
github.com/vertikon/mcp-core-inventory/tools/validators/template_validator.go:140.41,142.3 1 0
github.com/vertikon/mcp-core-inventory/tools/validators/template_validator.go:144.2,144.51 1 0
github.com/vertikon/mcp-core-inventory/tools/validators/template_validator.go:144.51,146.3 1 0
github.com/vertikon/mcp-core-inventory/tools/validators/template_validator.go:148.2,149.12 2 0
github.com/vertikon/mcp-core-inventory/tools/validators/template_validator.go:153.73,154.20 1 0
github.com/vertikon/mcp-core-inventory/tools/validators/template_validator.go:154.20,156.3 1 0
github.com/vertikon/mcp-core-inventory/tools/validators/template_validator.go:157.2,157.12 1 0
